sysbench 1.0.20 (using system LuaJIT 2.1.1761786044)

Running the test with following options:
Number of threads: 8
Initializing random number generator from current time


Initializing worker threads...

Threads started!

SQL statistics:
    queries performed:
        read:                            0
        write:                           1300054
        other:                           0
        total:                           1300054
    transactions:                        1300054 (29544.91 per sec.)
    queries:                             1300054 (29544.91 per sec.)
    ignored errors:                      0      (0.00 per sec.)
    reconnects:                          0      (0.00 per sec.)

General statistics:
    total time:                          44.0021s
    total number of events:              1300054

Latency (ms):
         min:                                    0.03
         avg:                                    0.27
         max:                                   68.91
         95th percentile:                        0.47
         sum:                               351197.63

Threads fairness:
    events (avg/stddev):           162506.7500/171.21
    execution time (avg/stddev):   43.8997/0.00

