sysbench 1.0.20 (using system LuaJIT 2.1.1761786044)

Running the test with following options:
Number of threads: 8
Initializing random number generator from current time


Initializing worker threads...

Threads started!

SQL statistics:
    queries performed:
        read:                            0
        write:                           1310807
        other:                           0
        total:                           1310807
    transactions:                        1310807 (29789.24 per sec.)
    queries:                             1310807 (29789.24 per sec.)
    ignored errors:                      0      (0.00 per sec.)
    reconnects:                          0      (0.00 per sec.)

General statistics:
    total time:                          44.0021s
    total number of events:              1310807

Latency (ms):
         min:                                    0.04
         avg:                                    0.27
         max:                                   75.05
         95th percentile:                        0.46
         sum:                               351182.85

Threads fairness:
    events (avg/stddev):           163850.8750/214.65
    execution time (avg/stddev):   43.8979/0.00

