sysbench 1.0.20 (using system LuaJIT 2.1.1761786044)

Running the test with following options:
Number of threads: 8
Initializing random number generator from current time


Initializing worker threads...

Threads started!

SQL statistics:
    queries performed:
        read:                            0
        write:                           1305202
        other:                           0
        total:                           1305202
    transactions:                        1305202 (29661.70 per sec.)
    queries:                             1305202 (29661.70 per sec.)
    ignored errors:                      0      (0.00 per sec.)
    reconnects:                          0      (0.00 per sec.)

General statistics:
    total time:                          44.0024s
    total number of events:              1305202

Latency (ms):
         min:                                    0.03
         avg:                                    0.27
         max:                                   55.87
         95th percentile:                        0.46
         sum:                               351194.83

Threads fairness:
    events (avg/stddev):           163150.2500/238.57
    execution time (avg/stddev):   43.8994/0.00

