sysbench 1.0.20 (using system LuaJIT 2.1.1761786044)

Running the test with following options:
Number of threads: 8
Initializing random number generator from current time


Initializing worker threads...

Threads started!

SQL statistics:
    queries performed:
        read:                            0
        write:                           1396671
        other:                           0
        total:                           1396671
    transactions:                        1396671 (31740.62 per sec.)
    queries:                             1396671 (31740.62 per sec.)
    ignored errors:                      0      (0.00 per sec.)
    reconnects:                          0      (0.00 per sec.)

General statistics:
    total time:                          44.0021s
    total number of events:              1396671

Latency (ms):
         min:                                    0.03
         avg:                                    0.25
         max:                                   70.92
         95th percentile:                        0.42
         sum:                               351219.51

Threads fairness:
    events (avg/stddev):           174583.8750/90.75
    execution time (avg/stddev):   43.9024/0.00

