sysbench 1.0.20 (using system LuaJIT 2.1.1761786044)

Running the test with following options:
Number of threads: 8
Initializing random number generator from current time


Initializing worker threads...

Threads started!

SQL statistics:
    queries performed:
        read:                            0
        write:                           1424215
        other:                           0
        total:                           1424215
    transactions:                        1424215 (32366.66 per sec.)
    queries:                             1424215 (32366.66 per sec.)
    ignored errors:                      0      (0.00 per sec.)
    reconnects:                          0      (0.00 per sec.)

General statistics:
    total time:                          44.0020s
    total number of events:              1424215

Latency (ms):
         min:                                    0.03
         avg:                                    0.25
         max:                                   90.44
         95th percentile:                        0.43
         sum:                               351162.96

Threads fairness:
    events (avg/stddev):           178026.8750/189.75
    execution time (avg/stddev):   43.8954/0.00

