sysbench 1.0.20 (using system LuaJIT 2.1.1761786044)

Running the test with following options:
Number of threads: 8
Initializing random number generator from current time


Initializing worker threads...

Threads started!

SQL statistics:
    queries performed:
        read:                            0
        write:                           1317313
        other:                           0
        total:                           1317313
    transactions:                        1317313 (29937.19 per sec.)
    queries:                             1317313 (29937.19 per sec.)
    ignored errors:                      0      (0.00 per sec.)
    reconnects:                          0      (0.00 per sec.)

General statistics:
    total time:                          44.0020s
    total number of events:              1317313

Latency (ms):
         min:                                    0.03
         avg:                                    0.27
         max:                                   65.86
         95th percentile:                        0.46
         sum:                               351185.18

Threads fairness:
    events (avg/stddev):           164664.1250/155.82
    execution time (avg/stddev):   43.8981/0.00

