sysbench 1.0.20 (using system LuaJIT 2.1.1761786044)

Running the test with following options:
Number of threads: 8
Initializing random number generator from current time


Initializing worker threads...

Threads started!

SQL statistics:
    queries performed:
        read:                            0
        write:                           1335063
        other:                           0
        total:                           1335063
    transactions:                        1335063 (30340.36 per sec.)
    queries:                             1335063 (30340.36 per sec.)
    ignored errors:                      0      (0.00 per sec.)
    reconnects:                          0      (0.00 per sec.)

General statistics:
    total time:                          44.0022s
    total number of events:              1335063

Latency (ms):
         min:                                    0.04
         avg:                                    0.26
         max:                                   98.83
         95th percentile:                        0.47
         sum:                               351179.75

Threads fairness:
    events (avg/stddev):           166882.8750/150.16
    execution time (avg/stddev):   43.8975/0.00

