sysbench 1.0.20 (using system LuaJIT 2.1.1761786044)

Running the test with following options:
Number of threads: 8
Initializing random number generator from current time


Initializing worker threads...

Threads started!

SQL statistics:
    queries performed:
        read:                            0
        write:                           1302927
        other:                           0
        total:                           1302927
    transactions:                        1302927 (29608.29 per sec.)
    queries:                             1302927 (29608.29 per sec.)
    ignored errors:                      0      (0.00 per sec.)
    reconnects:                          0      (0.00 per sec.)

General statistics:
    total time:                          44.0049s
    total number of events:              1302927

Latency (ms):
         min:                                    0.04
         avg:                                    0.27
         max:                                   59.75
         95th percentile:                        0.47
         sum:                               351206.67

Threads fairness:
    events (avg/stddev):           162865.8750/208.63
    execution time (avg/stddev):   43.9008/0.00

