sysbench 1.0.20 (using system LuaJIT 2.1.1761786044)

Running the test with following options:
Number of threads: 8
Initializing random number generator from current time


Initializing worker threads...

Threads started!

SQL statistics:
    queries performed:
        read:                            0
        write:                           1420805
        other:                           0
        total:                           1420805
    transactions:                        1420805 (32288.94 per sec.)
    queries:                             1420805 (32288.94 per sec.)
    ignored errors:                      0      (0.00 per sec.)
    reconnects:                          0      (0.00 per sec.)

General statistics:
    total time:                          44.0023s
    total number of events:              1420805

Latency (ms):
         min:                                    0.03
         avg:                                    0.25
         max:                                  103.18
         95th percentile:                        0.43
         sum:                               351164.25

Threads fairness:
    events (avg/stddev):           177600.6250/99.86
    execution time (avg/stddev):   43.8955/0.00

