sysbench 1.0.20 (using system LuaJIT 2.1.1761786044)

Running the test with following options:
Number of threads: 8
Initializing random number generator from current time


Initializing worker threads...

Threads started!

SQL statistics:
    queries performed:
        read:                            0
        write:                           1408467
        other:                           0
        total:                           1408467
    transactions:                        1408467 (32008.62 per sec.)
    queries:                             1408467 (32008.62 per sec.)
    ignored errors:                      0      (0.00 per sec.)
    reconnects:                          0      (0.00 per sec.)

General statistics:
    total time:                          44.0022s
    total number of events:              1408467

Latency (ms):
         min:                                    0.03
         avg:                                    0.25
         max:                                   90.91
         95th percentile:                        0.44
         sum:                               351181.18

Threads fairness:
    events (avg/stddev):           176058.3750/168.86
    execution time (avg/stddev):   43.8976/0.00

