sysbench 1.0.20 (using system LuaJIT 2.1.1761786044)

Running the test with following options:
Number of threads: 8
Initializing random number generator from current time


Initializing worker threads...

Threads started!

SQL statistics:
    queries performed:
        read:                            0
        write:                           1423769
        other:                           0
        total:                           1423769
    transactions:                        1423769 (32356.51 per sec.)
    queries:                             1423769 (32356.51 per sec.)
    ignored errors:                      0      (0.00 per sec.)
    reconnects:                          0      (0.00 per sec.)

General statistics:
    total time:                          44.0020s
    total number of events:              1423769

Latency (ms):
         min:                                    0.03
         avg:                                    0.25
         max:                                   84.41
         95th percentile:                        0.43
         sum:                               351165.34

Threads fairness:
    events (avg/stddev):           177971.1250/105.86
    execution time (avg/stddev):   43.8957/0.00

