sysbench 1.0.20 (using system LuaJIT 2.1.1761786044)

Running the test with following options:
Number of threads: 8
Initializing random number generator from current time


Initializing worker threads...

Threads started!

SQL statistics:
    queries performed:
        read:                            0
        write:                           976164
        other:                           0
        total:                           976164
    transactions:                        976164 (22183.60 per sec.)
    queries:                             976164 (22183.60 per sec.)
    ignored errors:                      0      (0.00 per sec.)
    reconnects:                          0      (0.00 per sec.)

General statistics:
    total time:                          44.0031s
    total number of events:              976164

Latency (ms):
         min:                                    0.04
         avg:                                    0.36
         max:                                   66.81
         95th percentile:                        0.80
         sum:                               351205.51

Threads fairness:
    events (avg/stddev):           122020.5000/235.37
    execution time (avg/stddev):   43.9007/0.00

