sysbench 1.0.20 (using system LuaJIT 2.1.1761786044)

Running the test with following options:
Number of threads: 8
Initializing random number generator from current time


Initializing worker threads...

Threads started!

SQL statistics:
    queries performed:
        read:                            0
        write:                           941078
        other:                           0
        total:                           941078
    transactions:                        941078 (21386.19 per sec.)
    queries:                             941078 (21386.19 per sec.)
    ignored errors:                      0      (0.00 per sec.)
    reconnects:                          0      (0.00 per sec.)

General statistics:
    total time:                          44.0034s
    total number of events:              941078

Latency (ms):
         min:                                    0.04
         avg:                                    0.37
         max:                                   69.79
         95th percentile:                        0.84
         sum:                               351235.36

Threads fairness:
    events (avg/stddev):           117634.7500/351.67
    execution time (avg/stddev):   43.9044/0.00

