2026-06-29T03:19:32.471378Z 0 [System] [MY-015015] [Server] MySQL Server - start.
2026-06-29T03:19:32.682774Z 0 [System] [MY-010116] [Server] /root/mysql-build/runtime_output_directory/mysqld (mysqld 8.4.10) starting as process 1918
2026-06-29T03:19:32.688649Z 1 [System] [MY-013576] [InnoDB] InnoDB initialization has started.
[accel] init: drainer started, accelerator constructed (gc=1 tail_only=0 retention_ms=0)
2026-06-29T03:19:33.945582Z 1 [System] [MY-013577] [InnoDB] InnoDB initialization has ended.
2026-06-29T03:19:34.101640Z 0 [Warning] [MY-010068] [Server] CA certificate ca.pem is self signed.
2026-06-29T03:19:34.102176Z 0 [System] [MY-013602] [Server] Channel mysql_main configured to support TLS. Encrypted connections are now supported for this channel.
2026-06-29T03:19:34.119896Z 0 [System] [MY-010931] [Server] /root/mysql-build/runtime_output_directory/mysqld: ready for connections. Version: '8.4.10'  socket: '/root/mysql.sock'  port: 3309  Source distribution.
2026-06-29T03:19:34.511844Z 18 [Warning] [MY-013360] [Server] Plugin mysql_native_password reported: ''mysql_native_password' is deprecated and will be removed in a future release. Please use caching_sha2_password instead'
2026-06-29T03:19:34.512104Z 13 [Warning] [MY-013360] [Server] Plugin mysql_native_password reported: ''mysql_native_password' is deprecated and will be removed in a future release. Please use caching_sha2_password instead'
2026-06-29T03:19:34.512264Z 14 [Warning] [MY-013360] [Server] Plugin mysql_native_password reported: ''mysql_native_password' is deprecated and will be removed in a future release. Please use caching_sha2_password instead'
2026-06-29T03:19:34.512268Z 17 [Warning] [MY-013360] [Server] Plugin mysql_native_password reported: ''mysql_native_password' is deprecated and will be removed in a future release. Please use caching_sha2_password instead'
2026-06-29T03:19:34.512309Z 11 [Warning] [MY-013360] [Server] Plugin mysql_native_password reported: ''mysql_native_password' is deprecated and will be removed in a future release. Please use caching_sha2_password instead'
2026-06-29T03:19:34.512417Z 16 [Warning] [MY-013360] [Server] Plugin mysql_native_password reported: ''mysql_native_password' is deprecated and will be removed in a future release. Please use caching_sha2_password instead'
2026-06-29T03:19:59.544278Z 19 [System] [MY-013172] [Server] Received SHUTDOWN from user root. Shutting down mysqld (Version: 8.4.10).
[accel] shutdown: enq=123772 drained=123772 dropped=0 pk_buckets=560/1024 live_epoch_buckets=223
[accel] consult: calls=9887 hit=9886 miss{absent=0 novisible=0 noncontig=1 ineligible=0 gcrace=0} | construct_ok=9886 construct_BAD=0 | auth_mode=2 served=9886 gen_gate=1
[accel] audit: mode=2 audit_n=1024 mode1_hits=0 audited=0 (mode-1: ok+bad==audited, bad==0)
[accel] noncontig split: head_writer_gate=1 (cache head behind live row) chase_break=0 (GC severed a mid-chain link)
[accel] view-registry: open_calls=244 published=244 unpublished=486 publish_on=1 live_snapshot=0 floor=none clock=280631
[accel] construct_BAD detail: trx_same=0 (right version, bytes differ) trx_diff=0 (WRONG version: older=0 [cache behind] newer=0 [visibility])
[accel] newer split: vanilla_sees=0 (cross-generation: ct visible, off vanilla's chain) vanilla_hides=0 (input mismatch: consult got different view limits)
[accel] gc: enabled=1 retired{total=0 windowed=0 dummy=0} live_buckets=223 clock=280631
[accel] fg-alpha: consult_fg=0 coop_dead_seen=0 | drain_cap=0 dummy_pending=63637
2026-06-29T03:20:00.202760Z 0 [System] [MY-010910] [Server] /root/mysql-build/runtime_output_directory/mysqld: Shutdown complete (mysqld 8.4.10)  Source distribution.
2026-06-29T03:20:00.203776Z 0 [System] [MY-015016] [Server] MySQL Server - end.
