sysbench 1.0.20 (using system LuaJIT 2.1.1761786044)

Running the test with following options:
Number of threads: 8
Initializing random number generator from current time


Initializing worker threads...

Threads started!

SQL statistics:
    queries performed:
        read:                            0
        write:                           123385
        other:                           0
        total:                           123385
    transactions:                        123385 (4934.61 per sec.)
    queries:                             123385 (4934.61 per sec.)
    ignored errors:                      0      (0.00 per sec.)
    reconnects:                          0      (0.00 per sec.)

General statistics:
    total time:                          25.0034s
    total number of events:              123385

Latency (ms):
         min:                                    0.79
         avg:                                    1.62
         max:                                   42.62
         95th percentile:                        2.22
         sum:                               199920.19

Threads fairness:
    events (avg/stddev):           15423.1250/9.92
    execution time (avg/stddev):   24.9900/0.00

