2026-06-30T07:08:36.280441Z 0 [System] [MY-015015] [Server] MySQL Server - start.
2026-06-30T07:08:36.542346Z 0 [System] [MY-010116] [Server] /root/mysql-build/runtime_output_directory/mysqld (mysqld 8.4.10) starting as process 689
2026-06-30T07:08:36.551087Z 1 [System] [MY-013576] [InnoDB] InnoDB initialization has started.
[accel] init: drainer started, accelerator constructed (gc=1 tail_only=0 retention_ms=0)
2026-06-30T07:08:36.825453Z 1 [System] [MY-013577] [InnoDB] InnoDB initialization has ended.
2026-06-30T07:08:37.069074Z 0 [Warning] [MY-010068] [Server] CA certificate ca.pem is self signed.
2026-06-30T07:08:37.070251Z 0 [System] [MY-013602] [Server] Channel mysql_main configured to support TLS. Encrypted connections are now supported for this channel.
2026-06-30T07:08:37.095148Z 0 [System] [MY-010931] [Server] /root/mysql-build/runtime_output_directory/mysqld: ready for connections. Version: '8.4.10'  socket: '/root/mysql.sock'  port: 3309  Source distribution.
2026-06-30T07:08:37.275636Z 8 [Warning] [MY-013360] [Server] Plugin mysql_native_password reported: ''mysql_native_password' is deprecated and will be removed in a future release. Please use caching_sha2_password instead'
[accel] drained=500000 enq=500069 dropped=0 pk_buckets=676/1024 cur_key_chain_len=9989 last_pk_len=6 last_del=0
[accel] gc: cycles=340 retired{windowed=24 dummy=0} live_buckets=239 views=1 norm_clock=851686
[accel] gc: cycles=440 retired{windowed=24 dummy=0} live_buckets=239 views=1 norm_clock=1100633
2026-06-30T07:11:30.254362Z 20 [System] [MY-013172] [Server] Received SHUTDOWN from user root. Shutting down mysqld (Version: 8.4.10).
[accel] shutdown: enq=550595 drained=550595 dropped=0 pk_buckets=676/1024 live_epoch_buckets=239
[accel] consult: calls=3000 hit=3000 miss{absent=0 novisible=0 noncontig=0 ineligible=0 gcrace=0} | construct_ok=3000 construct_BAD=0 | auth_mode=0 served=0 gen_gate=1
[accel] audit: mode=0 audit_n=1024 mode1_hits=0 audited=0 (mode-1: ok+bad==audited, bad==0)
[accel] noncontig split: head_writer_gate=0 (cache head behind live row) chase_break=0 (GC severed a mid-chain link)
[accel] view-registry: open_calls=435 published=435 unpublished=865 publish_on=1 live_snapshot=0 floor=none clock=1101182
[accel] construct_BAD detail: trx_same=0 (right version, bytes differ) trx_diff=0 (WRONG version: older=0 [cache behind] newer=0 [visibility])
[accel] newer split: vanilla_sees=0 (cross-generation: ct visible, off vanilla's chain) vanilla_hides=0 (input mismatch: consult got different view limits)
[accel] gc: enabled=1 retired{total=24 windowed=24 dummy=0} live_buckets=239 clock=1101182
[accel] fg-alpha: consult_fg=0 coop_dead_seen=0 | drain_cap=1000 dummy_pending=308001
2026-06-30T07:11:31.218380Z 0 [System] [MY-010910] [Server] /root/mysql-build/runtime_output_directory/mysqld: Shutdown complete (mysqld 8.4.10)  Source distribution.
2026-06-30T07:11:31.219435Z 0 [System] [MY-015016] [Server] MySQL Server - end.
