tag	s
scan_warm	679715
SLEEP(25)
0
tag	s
scan_deep1	679715
tag	s
scan_deep2	679715
tag	s
scan_deep3	679715
=== PROFILES ===
=== PROFILES ===
Query_ID	Duration	Query
1	0.00006575	SET profiling_history_size=50
2	0.00006975	START TRANSACTION WITH CONSISTENT SNAPSHOT
3	0.00047300	SELECT 'scan_warm' tag, SUM(k+LENGTH(c)+LENGTH(pad)) s FROM sbtest1
4	25.00022250	SELECT SLEEP(25)
5	50.81421325	SELECT 'scan_deep1' tag, SUM(k+LENGTH(c)+LENGTH(pad)) s FROM sbtest1
6	47.77849725	SELECT 'scan_deep2' tag, SUM(k+LENGTH(c)+LENGTH(pad)) s FROM sbtest1
7	49.26725125	SELECT 'scan_deep3' tag, SUM(k+LENGTH(c)+LENGTH(pad)) s FROM sbtest1
8	0.00012000	COMMIT
9	0.00012200	SELECT '=== PROFILES ==='
