tag	s
scan_warm	679715
SLEEP(25)
0
tag	s
scan_deep1	679715
tag	s
scan_deep2	679715
tag	s
scan_deep3	679715
=== PROFILES ===
=== PROFILES ===
Query_ID	Duration	Query
1	0.00007675	SET profiling_history_size=50
2	0.00008550	START TRANSACTION WITH CONSISTENT SNAPSHOT
3	0.00066900	SELECT 'scan_warm' tag, SUM(k+LENGTH(c)+LENGTH(pad)) s FROM sbtest1
4	25.00031500	SELECT SLEEP(25)
5	0.19943500	SELECT 'scan_deep1' tag, SUM(k+LENGTH(c)+LENGTH(pad)) s FROM sbtest1
6	0.27429700	SELECT 'scan_deep2' tag, SUM(k+LENGTH(c)+LENGTH(pad)) s FROM sbtest1
7	0.30944625	SELECT 'scan_deep3' tag, SUM(k+LENGTH(c)+LENGTH(pad)) s FROM sbtest1
8	0.00024400	COMMIT
9	0.00053300	SELECT '=== PROFILES ==='
