sysbench 1.0.20 (using system LuaJIT 2.1.1761786044)

Running the test with following options:
Number of threads: 8
Initializing random number generator from current time


Initializing worker threads...

Threads started!

SQL statistics:
    queries performed:
        read:                            0
        write:                           578343
        other:                           0
        total:                           578343
    transactions:                        578343 (10338.80 per sec.)
    queries:                             578343 (10338.80 per sec.)
    ignored errors:                      0      (0.00 per sec.)
    reconnects:                          0      (0.00 per sec.)

General statistics:
    total time:                          55.9385s
    total number of events:              578343

Latency (ms):
         min:                                    0.04
         avg:                                    0.73
         max:                                20171.52
         95th percentile:                        0.61
         sum:                               420227.72

Threads fairness:
    events (avg/stddev):           72292.8750/143.11
    execution time (avg/stddev):   52.5285/1.94

