2026-06-30T07:20:15.069242Z 0 [System] [MY-015015] [Server] MySQL Server - start.
2026-06-30T07:20:15.271052Z 0 [System] [MY-010116] [Server] /root/mysql-build/runtime_output_directory/mysqld (mysqld 8.4.10) starting as process 2321
2026-06-30T07:20:15.277282Z 1 [System] [MY-013576] [InnoDB] InnoDB initialization has started.
[accel] init: drainer started, accelerator constructed (gc=1 tail_only=0 retention_ms=0)
2026-06-30T07:20:15.520390Z 1 [System] [MY-013577] [InnoDB] InnoDB initialization has ended.
2026-06-30T07:20:15.737444Z 0 [Warning] [MY-010068] [Server] CA certificate ca.pem is self signed.
2026-06-30T07:20:15.741615Z 0 [System] [MY-013602] [Server] Channel mysql_main configured to support TLS. Encrypted connections are now supported for this channel.
2026-06-30T07:20:15.778733Z 0 [System] [MY-010931] [Server] /root/mysql-build/runtime_output_directory/mysqld: ready for connections. Version: '8.4.10'  socket: '/root/mysql.sock'  port: 3309  Source distribution.
2026-06-30T07:20:16.076247Z 8 [Warning] [MY-013360] [Server] Plugin mysql_native_password reported: ''mysql_native_password' is deprecated and will be removed in a future release. Please use caching_sha2_password instead'
[accel] drained=500000 enq=500030 dropped=0 pk_buckets=676/1024 cur_key_chain_len=2818 last_pk_len=6 last_del=0
[accel] gc: cycles=385 retired{windowed=24 dummy=1000} live_buckets=237 views=1 norm_clock=964477
2026-06-30T07:22:30.635908Z 20 [System] [MY-013172] [Server] Received SHUTDOWN from user root. Shutting down mysqld (Version: 8.4.10).
[accel] shutdown: enq=611348 drained=611348 dropped=0 pk_buckets=676/1024 live_epoch_buckets=212
[accel] consult: calls=3000 hit=2133 miss{absent=0 novisible=0 noncontig=867 ineligible=0 gcrace=0} | construct_ok=2 construct_BAD=0 | auth_mode=1 served=2131 gen_gate=1
[accel] audit: mode=1 audit_n=1024 mode1_hits=2133 audited=2 (mode-1: ok+bad==audited, bad==0)
[accel] noncontig split: head_writer_gate=1 (cache head behind live row) chase_break=866 (GC severed a mid-chain link)
[accel] view-registry: open_calls=435 published=435 unpublished=865 publish_on=1 live_snapshot=0 floor=none clock=1222658
[accel] construct_BAD detail: trx_same=0 (right version, bytes differ) trx_diff=0 (WRONG version: older=0 [cache behind] newer=0 [visibility])
[accel] newer split: vanilla_sees=0 (cross-generation: ct visible, off vanilla's chain) vanilla_hides=0 (input mismatch: consult got different view limits)
[accel] gc: enabled=1 retired{total=1024 windowed=24 dummy=1000} live_buckets=212 clock=1222658
[accel] fg-alpha: consult_fg=0 coop_dead_seen=0 | drain_cap=1000 dummy_pending=342391
2026-06-30T07:22:31.876984Z 0 [System] [MY-010910] [Server] /root/mysql-build/runtime_output_directory/mysqld: Shutdown complete (mysqld 8.4.10)  Source distribution.
2026-06-30T07:22:31.878142Z 0 [System] [MY-015016] [Server] MySQL Server - end.
