sysbench 1.0.20 (using system LuaJIT 2.1.1761786044)

Running the test with following options:
Number of threads: 8
Initializing random number generator from current time


Initializing worker threads...

Threads started!

SQL statistics:
    queries performed:
        read:                            0
        write:                           549967
        other:                           0
        total:                           549967
    transactions:                        549967 (10605.60 per sec.)
    queries:                             549967 (10605.60 per sec.)
    ignored errors:                      0      (0.00 per sec.)
    reconnects:                          0      (0.00 per sec.)

General statistics:
    total time:                          51.8556s
    total number of events:              549967

Latency (ms):
         min:                                    0.04
         avg:                                    0.75
         max:                                20643.78
         95th percentile:                        0.69
         sum:                               413862.74

Threads fairness:
    events (avg/stddev):           68745.8750/168.66
    execution time (avg/stddev):   51.7328/0.18

