sysbench 1.0.20 (using system LuaJIT 2.1.1761786044)

Running the test with following options:
Number of threads: 8
Initializing random number generator from current time


Initializing worker threads...

Threads started!

SQL statistics:
    queries performed:
        read:                            0
        write:                           531450
        other:                           0
        total:                           531450
    transactions:                        531450 (10361.13 per sec.)
    queries:                             531450 (10361.13 per sec.)
    ignored errors:                      0      (0.00 per sec.)
    reconnects:                          0      (0.00 per sec.)

General statistics:
    total time:                          51.2920s
    total number of events:              531450

Latency (ms):
         min:                                    0.04
         avg:                                    0.77
         max:                                20039.72
         95th percentile:                        0.72
         sum:                               409400.68

Threads fairness:
    events (avg/stddev):           66431.2500/137.04
    execution time (avg/stddev):   51.1751/0.17

