2026-06-30T07:18:47.825636Z 0 [System] [MY-015015] [Server] MySQL Server - start.
2026-06-30T07:18:48.043177Z 0 [System] [MY-010116] [Server] /root/mysql-build/runtime_output_directory/mysqld (mysqld 8.4.10) starting as process 2141
2026-06-30T07:18:48.051952Z 1 [System] [MY-013576] [InnoDB] InnoDB initialization has started.
[accel] init: drainer started, accelerator constructed (gc=1 tail_only=0 retention_ms=0)
2026-06-30T07:18:48.278572Z 1 [System] [MY-013577] [InnoDB] InnoDB initialization has ended.
2026-06-30T07:18:48.511407Z 0 [Warning] [MY-010068] [Server] CA certificate ca.pem is self signed.
2026-06-30T07:18:48.512087Z 0 [System] [MY-013602] [Server] Channel mysql_main configured to support TLS. Encrypted connections are now supported for this channel.
2026-06-30T07:18:48.537392Z 0 [System] [MY-010931] [Server] /root/mysql-build/runtime_output_directory/mysqld: ready for connections. Version: '8.4.10'  socket: '/root/mysql.sock'  port: 3309  Source distribution.
2026-06-30T07:18:48.811472Z 8 [Warning] [MY-013360] [Server] Plugin mysql_native_password reported: ''mysql_native_password' is deprecated and will be removed in a future release. Please use caching_sha2_password instead'
[accel] gc: cycles=150 retired{windowed=24 dummy=0} live_buckets=100 views=1 norm_clock=375139
[accel] drained=500000 enq=500011 dropped=0 pk_buckets=676/1024 cur_key_chain_len=224 last_pk_len=6 last_del=0
[accel] gc: cycles=350 retired{windowed=24 dummy=0} live_buckets=186 views=1 norm_clock=875822
2026-06-30T07:20:06.277329Z 20 [System] [MY-013172] [Server] Received SHUTDOWN from user root. Shutting down mysqld (Version: 8.4.10).
[accel] shutdown: enq=556310 drained=556310 dropped=0 pk_buckets=676/1024 live_epoch_buckets=287
[accel] consult: calls=3000 hit=2255 miss{absent=0 novisible=0 noncontig=745 ineligible=0 gcrace=0} | construct_ok=2 construct_BAD=0 | auth_mode=1 served=2253 gen_gate=1
[accel] audit: mode=1 audit_n=1024 mode1_hits=2255 audited=2 (mode-1: ok+bad==audited, bad==0)
[accel] noncontig split: head_writer_gate=3 (cache head behind live row) chase_break=742 (GC severed a mid-chain link)
[accel] view-registry: open_calls=439 published=439 unpublished=873 publish_on=1 live_snapshot=0 floor=none clock=1112646
[accel] construct_BAD detail: trx_same=0 (right version, bytes differ) trx_diff=0 (WRONG version: older=0 [cache behind] newer=0 [visibility])
[accel] newer split: vanilla_sees=0 (cross-generation: ct visible, off vanilla's chain) vanilla_hides=0 (input mismatch: consult got different view limits)
[accel] gc: enabled=1 retired{total=1110 windowed=110 dummy=1000} live_buckets=287 clock=1112646
[accel] fg-alpha: consult_fg=0 coop_dead_seen=0 | drain_cap=1000 dummy_pending=308639
2026-06-30T07:20:06.533382Z 0 [System] [MY-010910] [Server] /root/mysql-build/runtime_output_directory/mysqld: Shutdown complete (mysqld 8.4.10)  Source distribution.
2026-06-30T07:20:06.534564Z 0 [System] [MY-015016] [Server] MySQL Server - end.
