tag	s
scan_warm	679715
SLEEP(25)
0
tag	s
scan_deep1	679715
tag	s
scan_deep2	679715
tag	s
scan_deep3	679715
=== PROFILES ===
=== PROFILES ===
Query_ID	Duration	Query
1	0.00006500	SET profiling_history_size=50
2	0.00010325	START TRANSACTION WITH CONSISTENT SNAPSHOT
3	0.00032825	SELECT 'scan_warm' tag, SUM(k+LENGTH(c)+LENGTH(pad)) s FROM sbtest1
4	25.00044025	SELECT SLEEP(25)
5	51.03255950	SELECT 'scan_deep1' tag, SUM(k+LENGTH(c)+LENGTH(pad)) s FROM sbtest1
6	50.00010950	SELECT 'scan_deep2' tag, SUM(k+LENGTH(c)+LENGTH(pad)) s FROM sbtest1
7	50.75389625	SELECT 'scan_deep3' tag, SUM(k+LENGTH(c)+LENGTH(pad)) s FROM sbtest1
8	0.00010500	COMMIT
9	0.00015675	SELECT '=== PROFILES ==='
