=== q15 CONCURRENT-HTAP MULTI-RUN (deep scans WHILE churn active; GC on; ship setting). N(serve,64M)=8 ===
Tue Jun 30 16:05:24 KST 2026

########## bp64M_m0_cap1000_i1 (N=8) -- deep scans CONCURRENT with churn ##########
>> bp64M_m0_cap1000_i1 : deep1=51.03255950s deep2=50.00010950s deep3=50.75389625s tps=11086.39 hit=3000 noncontig=0 construct_BAD=0 served=0 degraded=1
   consult: [accel] consult: calls=3000 hit=3000 miss{absent=0 novisible=0 noncontig=0 ineligible=0 gcrace=0} | construct_ok=3000 construct_BAD=0 | auth_mode=0 served=0 gen_gate=1
   scan SUMs (snapshot invariant, should be identical within a run):
scan_warm	679715
scan_deep1	679715
scan_deep2	679715
scan_deep3	679715

########## bp64M_m0_cap1000_i2 (N=8) -- deep scans CONCURRENT with churn ##########
>> bp64M_m0_cap1000_i2 : deep1=50.81421325s deep2=47.77849725s deep3=49.26725125s tps=10605.60 hit=3000 noncontig=0 construct_BAD=0 served=0 degraded=1
   consult: [accel] consult: calls=3000 hit=3000 miss{absent=0 novisible=0 noncontig=0 ineligible=0 gcrace=0} | construct_ok=3000 construct_BAD=0 | auth_mode=0 served=0 gen_gate=1
   scan SUMs (snapshot invariant, should be identical within a run):
scan_warm	679715
scan_deep1	679715
scan_deep2	679715
scan_deep3	679715

########## bp64M_m0_cap1000_i3 (N=8) -- deep scans CONCURRENT with churn ##########
>> bp64M_m0_cap1000_i3 : deep1=48.49705800s deep2=50.80198900s deep3=48.06147875s tps=10361.13 hit=2169 noncontig=831 construct_BAD=0 served=0 degraded=1
   consult: [accel] consult: calls=3000 hit=2169 miss{absent=0 novisible=0 noncontig=831 ineligible=0 gcrace=0} | construct_ok=2169 construct_BAD=0 | auth_mode=0 served=0 gen_gate=1
   scan SUMs (snapshot invariant, should be identical within a run):
scan_warm	679715
scan_deep1	679715
scan_deep2	679715
scan_deep3	679715

########## bp64M_m1_cap1000_i1 (N=8) -- deep scans CONCURRENT with churn ##########
>> bp64M_m1_cap1000_i1 : deep1=2.94228375s deep2=3.02545775s deep3=3.08205675s tps=NA hit=2997 noncontig=3 construct_BAD=0 served=2995 degraded=1
   consult: [accel] consult: calls=3000 hit=2997 miss{absent=0 novisible=0 noncontig=3 ineligible=0 gcrace=0} | construct_ok=2 construct_BAD=0 | auth_mode=1 served=2995 gen_gate=1
   scan SUMs (snapshot invariant, should be identical within a run):
scan_warm	679715
scan_deep1	679715
scan_deep2	679715
scan_deep3	679715

########## bp64M_m1_cap1000_i2 (N=8) -- deep scans CONCURRENT with churn ##########
>> bp64M_m1_cap1000_i2 : deep1=0.22442100s deep2=0.52497800s deep3=3.20426725s tps=NA hit=2998 noncontig=2 construct_BAD=0 served=2996 degraded=0
   consult: [accel] consult: calls=3000 hit=2998 miss{absent=0 novisible=0 noncontig=2 ineligible=0 gcrace=0} | construct_ok=2 construct_BAD=0 | auth_mode=1 served=2996 gen_gate=1
   scan SUMs (snapshot invariant, should be identical within a run):
scan_warm	679715
scan_deep1	679715
scan_deep2	679715
scan_deep3	679715

########## bp64M_m1_cap1000_i3 (N=8) -- deep scans CONCURRENT with churn ##########
>> bp64M_m1_cap1000_i3 : deep1=3.38557375s deep2=2.86729525s deep3=0.30568900s tps=NA hit=2998 noncontig=2 construct_BAD=0 served=2996 degraded=1
   consult: [accel] consult: calls=3000 hit=2998 miss{absent=0 novisible=0 noncontig=2 ineligible=0 gcrace=0} | construct_ok=2 construct_BAD=0 | auth_mode=1 served=2996 gen_gate=1
   scan SUMs (snapshot invariant, should be identical within a run):
scan_warm	679715
scan_deep1	679715
scan_deep2	679715
scan_deep3	679715

########## bp64M_m1_cap1000_i4 (N=8) -- deep scans CONCURRENT with churn ##########
>> bp64M_m1_cap1000_i4 : deep1=2.54286425s deep2=2.73990675s deep3=2.68772500s tps=NA hit=2997 noncontig=3 construct_BAD=0 served=2995 degraded=1
   consult: [accel] consult: calls=3000 hit=2997 miss{absent=0 novisible=0 noncontig=3 ineligible=0 gcrace=0} | construct_ok=2 construct_BAD=0 | auth_mode=1 served=2995 gen_gate=1
   scan SUMs (snapshot invariant, should be identical within a run):
scan_warm	679715
scan_deep1	679715
scan_deep2	679715
scan_deep3	679715

########## bp64M_m1_cap1000_i5 (N=8) -- deep scans CONCURRENT with churn ##########
>> bp64M_m1_cap1000_i5 : deep1=2.73284250s deep2=0.49632050s deep3=2.95024875s tps=NA hit=2998 noncontig=2 construct_BAD=0 served=2996 degraded=1
   consult: [accel] consult: calls=3000 hit=2998 miss{absent=0 novisible=0 noncontig=2 ineligible=0 gcrace=0} | construct_ok=2 construct_BAD=0 | auth_mode=1 served=2996 gen_gate=1
   scan SUMs (snapshot invariant, should be identical within a run):
scan_warm	679715
scan_deep1	679715
scan_deep2	679715
scan_deep3	679715

########## bp64M_m1_cap1000_i6 (N=8) -- deep scans CONCURRENT with churn ##########
>> bp64M_m1_cap1000_i6 : deep1=2.70662600s deep2=0.46198050s deep3=0.37331750s tps=NA hit=2998 noncontig=2 construct_BAD=0 served=2996 degraded=1
   consult: [accel] consult: calls=3000 hit=2998 miss{absent=0 novisible=0 noncontig=2 ineligible=0 gcrace=0} | construct_ok=2 construct_BAD=0 | auth_mode=1 served=2996 gen_gate=1
   scan SUMs (snapshot invariant, should be identical within a run):
scan_warm	679715
scan_deep1	679715
scan_deep2	679715
scan_deep3	679715

########## bp64M_m1_cap1000_i7 (N=8) -- deep scans CONCURRENT with churn ##########
>> bp64M_m1_cap1000_i7 : deep1=3.01871250s deep2=10.68940425s deep3=38.63831600s tps=9766.44 hit=2255 noncontig=745 construct_BAD=0 served=2253 degraded=1
   consult: [accel] consult: calls=3000 hit=2255 miss{absent=0 novisible=0 noncontig=745 ineligible=0 gcrace=0} | construct_ok=2 construct_BAD=0 | auth_mode=1 served=2253 gen_gate=1
   scan SUMs (snapshot invariant, should be identical within a run):
scan_warm	679715
scan_deep1	679715
scan_deep2	679715
scan_deep3	679715

########## bp64M_m1_cap1000_i8 (N=8) -- deep scans CONCURRENT with churn ##########
>> bp64M_m1_cap1000_i8 : deep1=36.65666450s deep2=36.46791275s deep3=36.32688600s tps=11564.68 hit=2133 noncontig=867 construct_BAD=0 served=2131 degraded=1
   consult: [accel] consult: calls=3000 hit=2133 miss{absent=0 novisible=0 noncontig=867 ineligible=0 gcrace=0} | construct_ok=2 construct_BAD=0 | auth_mode=1 served=2131 gen_gate=1
   scan SUMs (snapshot invariant, should be identical within a run):
scan_warm	679715
scan_deep1	679715
scan_deep2	679715
scan_deep3	679715

########## bp64M_m2_cap1000_i1 (N=8) -- deep scans CONCURRENT with churn ##########
>> bp64M_m2_cap1000_i1 : deep1=45.08782250s deep2=44.23327875s deep3=44.46008150s tps=9818.85 hit=2999 noncontig=1 construct_BAD=0 served=2999 degraded=1
   consult: [accel] consult: calls=3000 hit=2999 miss{absent=0 novisible=0 noncontig=1 ineligible=0 gcrace=0} | construct_ok=2999 construct_BAD=0 | auth_mode=2 served=2999 gen_gate=1
   scan SUMs (snapshot invariant, should be identical within a run):
scan_warm	679715
scan_deep1	679715
scan_deep2	679715
scan_deep3	679715

########## bp64M_m2_cap1000_i2 (N=8) -- deep scans CONCURRENT with churn ##########
>> bp64M_m2_cap1000_i2 : deep1=49.77444225s deep2=49.51550325s deep3=49.56870800s tps=10338.80 hit=2999 noncontig=1 construct_BAD=0 served=2999 degraded=1
   consult: [accel] consult: calls=3000 hit=2999 miss{absent=0 novisible=0 noncontig=1 ineligible=0 gcrace=0} | construct_ok=2999 construct_BAD=0 | auth_mode=2 served=2999 gen_gate=1
   scan SUMs (snapshot invariant, should be identical within a run):
scan_warm	679715
scan_deep1	679715
scan_deep2	679715
scan_deep3	679715

########## bp64M_m2_cap1000_i3 (N=8) -- deep scans CONCURRENT with churn ##########
>> bp64M_m2_cap1000_i3 : deep1=41.22500375s deep2=40.58774250s deep3=42.00075575s tps=9532.65 hit=3000 noncontig=0 construct_BAD=0 served=3000 degraded=1
   consult: [accel] consult: calls=3000 hit=3000 miss{absent=0 novisible=0 noncontig=0 ineligible=0 gcrace=0} | construct_ok=3000 construct_BAD=0 | auth_mode=2 served=3000 gen_gate=1
   scan SUMs (snapshot invariant, should be identical within a run):
scan_warm	679715
scan_deep1	679715
scan_deep2	679715
scan_deep3	679715

########## bp4G_m1_cap1000_i1 (N=8) -- deep scans CONCURRENT with churn ##########
>> bp4G_m1_cap1000_i1 : deep1=0.26453950s deep2=0.29821525s deep3=0.26783250s tps=NA hit=2998 noncontig=2 construct_BAD=0 served=2996 degraded=0
   consult: [accel] consult: calls=3000 hit=2998 miss{absent=0 novisible=0 noncontig=2 ineligible=0 gcrace=0} | construct_ok=2 construct_BAD=0 | auth_mode=1 served=2996 gen_gate=1
   scan SUMs (snapshot invariant, should be identical within a run):
scan_warm	679715
scan_deep1	679715
scan_deep2	679715
scan_deep3	679715

########## bp4G_m1_cap1000_i2 (N=8) -- deep scans CONCURRENT with churn ##########
>> bp4G_m1_cap1000_i2 : deep1=0.19943500s deep2=0.27429700s deep3=0.30944625s tps=NA hit=2998 noncontig=2 construct_BAD=0 served=2996 degraded=0
   consult: [accel] consult: calls=3000 hit=2998 miss{absent=0 novisible=0 noncontig=2 ineligible=0 gcrace=0} | construct_ok=2 construct_BAD=0 | auth_mode=1 served=2996 gen_gate=1
   scan SUMs (snapshot invariant, should be identical within a run):
scan_warm	679715
scan_deep1	679715
scan_deep2	679715
scan_deep3	679715

########## bp4G_m1_cap1000_i3 (N=8) -- deep scans CONCURRENT with churn ##########
>> bp4G_m1_cap1000_i3 : deep1=0.35535800s deep2=0.29564950s deep3=0.29326075s tps=NA hit=2995 noncontig=5 construct_BAD=0 served=2993 degraded=0
   consult: [accel] consult: calls=3000 hit=2995 miss{absent=0 novisible=0 noncontig=5 ineligible=0 gcrace=0} | construct_ok=2 construct_BAD=0 | auth_mode=1 served=2993 gen_gate=1
   scan SUMs (snapshot invariant, should be identical within a run):
scan_warm	679715
scan_deep1	679715
scan_deep2	679715
scan_deep3	679715

=== RAW CSV (/mnt/c/Users/USER/projects/AccelerateMVCC/integration/results/q15_concurrent.csv) ===
iter,bp,mode,cap,deep1_lat_s,deep2_lat_s,deep3_lat_s,churn_tps,consult_calls,hit,noncontig,construct_BAD,served,degraded
1,64M,0,1000,51.03255950,50.00010950,50.75389625,11086.39,3000,3000,0,0,0,1
2,64M,0,1000,50.81421325,47.77849725,49.26725125,10605.60,3000,3000,0,0,0,1
3,64M,0,1000,48.49705800,50.80198900,48.06147875,10361.13,3000,2169,831,0,0,1
1,64M,1,1000,2.94228375,3.02545775,3.08205675,NA,3000,2997,3,0,2995,1
2,64M,1,1000,0.22442100,0.52497800,3.20426725,NA,3000,2998,2,0,2996,0
3,64M,1,1000,3.38557375,2.86729525,0.30568900,NA,3000,2998,2,0,2996,1
4,64M,1,1000,2.54286425,2.73990675,2.68772500,NA,3000,2997,3,0,2995,1
5,64M,1,1000,2.73284250,0.49632050,2.95024875,NA,3000,2998,2,0,2996,1
6,64M,1,1000,2.70662600,0.46198050,0.37331750,NA,3000,2998,2,0,2996,1
7,64M,1,1000,3.01871250,10.68940425,38.63831600,9766.44,3000,2255,745,0,2253,1
8,64M,1,1000,36.65666450,36.46791275,36.32688600,11564.68,3000,2133,867,0,2131,1
1,64M,2,1000,45.08782250,44.23327875,44.46008150,9818.85,3000,2999,1,0,2999,1
2,64M,2,1000,49.77444225,49.51550325,49.56870800,10338.80,3000,2999,1,0,2999,1
3,64M,2,1000,41.22500375,40.58774250,42.00075575,9532.65,3000,3000,0,0,3000,1
1,4G,1,1000,0.26453950,0.29821525,0.26783250,NA,3000,2998,2,0,2996,0
2,4G,1,1000,0.19943500,0.27429700,0.30944625,NA,3000,2998,2,0,2996,0
3,4G,1,1000,0.35535800,0.29564950,0.29326075,NA,3000,2995,5,0,2993,0

=== SUMMARY (deep1 latency s; degraded meaningful only for mode-1) ===
64M mode0 (vanilla walk)      : min=48.4971 median=50.8142 max=51.0326 n=3 degraded=3 construct_BAD_total=0
64M mode1 (serve, headline)   : min=0.2244 median=2.8376 max=36.6567 n=8 degraded=7 construct_BAD_total=0
64M mode2 (verify-serve gate) : min=41.2250 median=45.0878 max=49.7744 n=3 degraded=3 construct_BAD_total=0
4G  mode1 (serve)             : min=0.1994 median=0.2645 max=0.3554 n=3 degraded=0 construct_BAD_total=0

ratio(64M) = median(64M m0) / median(64M m1). construct_BAD must be 0 in EVERY row (esp. mode-2 gate).
=== DONE ===
Tue Jun 30 16:32:57 KST 2026
