sysbench 1.0.20 (using system LuaJIT 2.1.1761786044)

Running the test with following options:
Number of threads: 8
Initializing random number generator from current time


Initializing worker threads...

Threads started!

SQL statistics:
    queries performed:
        read:                            0
        write:                           577702
        other:                           0
        total:                           577702
    transactions:                        577702 (11086.39 per sec.)
    queries:                             577702 (11086.39 per sec.)
    ignored errors:                      0      (0.00 per sec.)
    reconnects:                          0      (0.00 per sec.)

General statistics:
    total time:                          52.1084s
    total number of events:              577702

Latency (ms):
         min:                                    0.04
         avg:                                    0.72
         max:                                20336.48
         95th percentile:                        0.61
         sum:                               415838.94

Threads fairness:
    events (avg/stddev):           72212.7500/274.38
    execution time (avg/stddev):   51.9799/0.20

