tag	s
scan_warm	679715
SLEEP(25)
0
tag	s
scan_deep1	679715
tag	s
scan_deep2	679715
tag	s
scan_deep3	679715
=== PROFILES ===
=== PROFILES ===
Query_ID	Duration	Query
1	0.00007600	SET profiling_history_size=50
2	0.00007150	START TRANSACTION WITH CONSISTENT SNAPSHOT
3	0.00042200	SELECT 'scan_warm' tag, SUM(k+LENGTH(c)+LENGTH(pad)) s FROM sbtest1
4	25.00023250	SELECT SLEEP(25)
5	0.26453950	SELECT 'scan_deep1' tag, SUM(k+LENGTH(c)+LENGTH(pad)) s FROM sbtest1
6	0.29821525	SELECT 'scan_deep2' tag, SUM(k+LENGTH(c)+LENGTH(pad)) s FROM sbtest1
7	0.26783250	SELECT 'scan_deep3' tag, SUM(k+LENGTH(c)+LENGTH(pad)) s FROM sbtest1
8	0.00008450	COMMIT
9	0.00008275	SELECT '=== PROFILES ==='
