tag	s
scan_warm	679715
SLEEP(25)
0
tag	s
scan_deep1	679715
tag	s
scan_deep2	679715
tag	s
scan_deep3	679715
=== PROFILES ===
=== PROFILES ===
Query_ID	Duration	Query
1	0.00008000	SET profiling_history_size=50
2	0.00007400	START TRANSACTION WITH CONSISTENT SNAPSHOT
3	0.00050275	SELECT 'scan_warm' tag, SUM(k+LENGTH(c)+LENGTH(pad)) s FROM sbtest1
4	25.00168700	SELECT SLEEP(25)
5	0.35535800	SELECT 'scan_deep1' tag, SUM(k+LENGTH(c)+LENGTH(pad)) s FROM sbtest1
6	0.29564950	SELECT 'scan_deep2' tag, SUM(k+LENGTH(c)+LENGTH(pad)) s FROM sbtest1
7	0.29326075	SELECT 'scan_deep3' tag, SUM(k+LENGTH(c)+LENGTH(pad)) s FROM sbtest1
8	0.00007825	COMMIT
9	0.00014175	SELECT '=== PROFILES ==='
