=== design-D6 (A): wide in-page (~1.35KB) row caching. Gate: cap=2048 -> HIT>0 & construct_BAD=0; cap=512 control -> ineligible ===
=== rebuild mysqld with ACCEL_IMG_MAX_BYTES=512 + accel_cbuf[512] ===
33:#define ACCEL_IMG_MAX_BYTES 512
1292:  unsigned char accel_cbuf[512]; unsigned int accel_clen = 0, accel_cextra = 0;
build rc=0
0

########## control_cap512_expect_ineligible ##########
approx_row_payload
1350.0000
  reader: warm	1350000
  reader: deep	1350000
  [accel] consult: calls=1000 hit=0 miss{absent=0 novisible=0 noncontig=0 ineligible=1000 gcrace=0} | construct_ok=0 construct_BAD=0 | auth_mode=2 served=0 gen_gate=1
  => hit=0 ineligible=1000 construct_BAD=0
=== rebuild mysqld with ACCEL_IMG_MAX_BYTES=2048 + accel_cbuf[2048] ===
33:#define ACCEL_IMG_MAX_BYTES 2048
1292:  unsigned char accel_cbuf[2048]; unsigned int accel_clen = 0, accel_cextra = 0;
build rc=0
0

########## raised_cap2048_expect_hit ##########
approx_row_payload
1350.0000
  reader: warm	1350000
  reader: deep	1350000
  [accel] consult: calls=1000 hit=1000 miss{absent=0 novisible=0 noncontig=0 ineligible=0 gcrace=0} | construct_ok=1000 construct_BAD=0 | auth_mode=2 served=1000 gen_gate=1
  => hit=1000 ineligible=0 construct_BAD=0

=== restore shipped default cap (512) ===
=== rebuild mysqld with ACCEL_IMG_MAX_BYTES=512 + accel_cbuf[512] ===
33:#define ACCEL_IMG_MAX_BYTES 512
1292:  unsigned char accel_cbuf[512]; unsigned int accel_clen = 0, accel_cextra = 0;
build rc=0
0
=== DONE ===
