2026-06-30T09:13:48.129567Z 0 [System] [MY-015015] [Server] MySQL Server - start.
2026-06-30T09:13:48.393413Z 0 [System] [MY-010116] [Server] /root/mysql-build/runtime_output_directory/mysqld (mysqld 8.4.10) starting as process 477
2026-06-30T09:13:48.400532Z 1 [System] [MY-013576] [InnoDB] InnoDB initialization has started.
[accel] init: drainer started, accelerator constructed (gc=0 tail_only=0 retention_ms=0)
2026-06-30T09:13:49.040608Z 1 [System] [MY-013577] [InnoDB] InnoDB initialization has ended.
2026-06-30T09:13:49.230336Z 0 [Warning] [MY-010068] [Server] CA certificate ca.pem is self signed.
2026-06-30T09:13:49.230894Z 0 [System] [MY-013602] [Server] Channel mysql_main configured to support TLS. Encrypted connections are now supported for this channel.
2026-06-30T09:13:49.254273Z 0 [System] [MY-010931] [Server] /root/mysql-build/runtime_output_directory/mysqld: ready for connections. Version: '8.4.10'  socket: '/root/mysql.sock'  port: 3309  Source distribution.
2026-06-30T09:13:50.146140Z 8 [Warning] [MY-013360] [Server] Plugin mysql_native_password reported: ''mysql_native_password' is deprecated and will be removed in a future release. Please use caching_sha2_password instead'
2026-06-30T09:14:53.156177Z 25 [System] [MY-013172] [Server] Received SHUTDOWN from user root. Shutting down mysqld (Version: 8.4.10).
[accel] shutdown: enq=232950 drained=232950 dropped=0 pk_buckets=1024/1024 live_epoch_buckets=0
[accel] consult: calls=253291 hit=160713 miss{absent=79879 novisible=0 noncontig=312 ineligible=12387 gcrace=0} | construct_ok=160713 construct_BAD=0 | auth_mode=2 served=160713 gen_gate=1
[accel] audit: mode=2 audit_n=1024 mode1_hits=0 audited=0 (mode-1: ok+bad==audited, bad==0)
[accel] noncontig split: head_writer_gate=312 (cache head behind live row) chase_break=0 (GC severed a mid-chain link)
[accel] view-registry: open_calls=20301 published=20301 unpublished=21576 publish_on=1 live_snapshot=0 floor=none clock=36471
[accel] construct_BAD detail: trx_same=0 (right version, bytes differ) trx_diff=0 (WRONG version: older=0 [cache behind] newer=0 [visibility])
[accel] newer split: vanilla_sees=0 (cross-generation: ct visible, off vanilla's chain) vanilla_hides=0 (input mismatch: consult got different view limits)
[accel] gc: enabled=0 retired{total=0 windowed=0 dummy=0} live_buckets=0 clock=36471
[accel] fg-alpha: consult_fg=0 coop_dead_seen=0 | drain_cap=0 dummy_pending=14632
2026-06-30T09:14:55.031823Z 0 [System] [MY-010910] [Server] /root/mysql-build/runtime_output_directory/mysqld: Shutdown complete (mysqld 8.4.10)  Source distribution.
2026-06-30T09:14:55.032987Z 0 [System] [MY-015016] [Server] MySQL Server - end.
