2026-06-30T09:23:05.386913Z 0 [System] [MY-015015] [Server] MySQL Server - start.
2026-06-30T09:23:05.701034Z 0 [System] [MY-010116] [Server] /root/mysql-build/runtime_output_directory/mysqld (mysqld 8.4.10) starting as process 1256
2026-06-30T09:23:05.710854Z 1 [System] [MY-013576] [InnoDB] InnoDB initialization has started.
[accel] init: drainer started, accelerator constructed (gc=0 tail_only=0 retention_ms=0)
2026-06-30T09:23:07.109124Z 1 [System] [MY-013577] [InnoDB] InnoDB initialization has ended.
2026-06-30T09:23:07.354204Z 0 [Warning] [MY-010068] [Server] CA certificate ca.pem is self signed.
2026-06-30T09:23:07.360085Z 0 [System] [MY-013602] [Server] Channel mysql_main configured to support TLS. Encrypted connections are now supported for this channel.
2026-06-30T09:23:07.410650Z 0 [System] [MY-010931] [Server] /root/mysql-build/runtime_output_directory/mysqld: ready for connections. Version: '8.4.10'  socket: '/root/mysql.sock'  port: 3309  Source distribution.
2026-06-30T09:23:09.480180Z 17 [Warning] [MY-013360] [Server] Plugin mysql_native_password reported: ''mysql_native_password' is deprecated and will be removed in a future release. Please use caching_sha2_password instead'
2026-06-30T09:23:09.480181Z 11 [Warning] [MY-013360] [Server] Plugin mysql_native_password reported: ''mysql_native_password' is deprecated and will be removed in a future release. Please use caching_sha2_password instead'
2026-06-30T09:23:09.480186Z 13 [Warning] [MY-013360] [Server] Plugin mysql_native_password reported: ''mysql_native_password' is deprecated and will be removed in a future release. Please use caching_sha2_password instead'
2026-06-30T09:23:09.480206Z 10 [Warning] [MY-013360] [Server] Plugin mysql_native_password reported: ''mysql_native_password' is deprecated and will be removed in a future release. Please use caching_sha2_password instead'
2026-06-30T09:23:09.480312Z 16 [Warning] [MY-013360] [Server] Plugin mysql_native_password reported: ''mysql_native_password' is deprecated and will be removed in a future release. Please use caching_sha2_password instead'
2026-06-30T09:23:09.480392Z 14 [Warning] [MY-013360] [Server] Plugin mysql_native_password reported: ''mysql_native_password' is deprecated and will be removed in a future release. Please use caching_sha2_password instead'
2026-06-30T09:23:09.480413Z 12 [Warning] [MY-013360] [Server] Plugin mysql_native_password reported: ''mysql_native_password' is deprecated and will be removed in a future release. Please use caching_sha2_password instead'
2026-06-30T09:23:34.333254Z 20 [System] [MY-013172] [Server] Received SHUTDOWN from user root. Shutting down mysqld (Version: 8.4.10).
[accel] shutdown: enq=253350 drained=253350 dropped=0 pk_buckets=1024/1024 live_epoch_buckets=0
[accel] consult: calls=263578 hit=171934 miss{absent=91226 novisible=0 noncontig=418 ineligible=0 gcrace=0} | construct_ok=167 construct_BAD=0 | auth_mode=1 served=171767 gen_gate=1
[accel] audit: mode=1 audit_n=1024 mode1_hits=171934 audited=167 (mode-1: ok+bad==audited, bad==0)
[accel] noncontig split: head_writer_gate=418 (cache head behind live row) chase_break=0 (GC severed a mid-chain link)
[accel] view-registry: open_calls=21706 published=21706 unpublished=22235 publish_on=1 live_snapshot=0 floor=none clock=40765
[accel] construct_BAD detail: trx_same=0 (right version, bytes differ) trx_diff=0 (WRONG version: older=0 [cache behind] newer=0 [visibility])
[accel] newer split: vanilla_sees=0 (cross-generation: ct visible, off vanilla's chain) vanilla_hides=0 (input mismatch: consult got different view limits)
[accel] gc: enabled=0 retired{total=0 windowed=0 dummy=0} live_buckets=0 clock=40765
[accel] fg-alpha: consult_fg=0 coop_dead_seen=0 | drain_cap=0 dummy_pending=18111
2026-06-30T09:23:36.425884Z 0 [System] [MY-010910] [Server] /root/mysql-build/runtime_output_directory/mysqld: Shutdown complete (mysqld 8.4.10)  Source distribution.
2026-06-30T09:23:36.426919Z 0 [System] [MY-015016] [Server] MySQL Server - end.
