sysbench 1.0.20 (using system LuaJIT 2.1.1761786044)

Running the test with following options:
Number of threads: 8
Initializing random number generator from current time


Initializing worker threads...

Threads started!

SQL statistics:
    queries performed:
        read:                            935200
        write:                           0
        other:                           133600
        total:                           1068800
    transactions:                        66800  (1517.88 per sec.)
    queries:                             1068800 (24286.13 per sec.)
    ignored errors:                      0      (0.00 per sec.)
    reconnects:                          0      (0.00 per sec.)

General statistics:
    total time:                          44.0080s
    total number of events:              66800

Latency (ms):
         min:                                    1.02
         avg:                                    5.27
         max:                                   51.53
         95th percentile:                        8.90
         sum:                               351905.49

Threads fairness:
    events (avg/stddev):           8350.0000/35.00
    execution time (avg/stddev):   43.9882/0.00

