sysbench 1.0.20 (using system LuaJIT 2.1.1761786044)

Running the test with following options:
Number of threads: 8
Initializing random number generator from current time


Initializing worker threads...

Threads started!

SQL statistics:
    queries performed:
        read:                            1003338
        write:                           0
        other:                           143334
        total:                           1146672
    transactions:                        71667  (1628.53 per sec.)
    queries:                             1146672 (26056.52 per sec.)
    ignored errors:                      0      (0.00 per sec.)
    reconnects:                          0      (0.00 per sec.)

General statistics:
    total time:                          44.0065s
    total number of events:              71667

Latency (ms):
         min:                                    0.92
         avg:                                    4.91
         max:                                   45.08
         95th percentile:                        7.98
         sum:                               351896.67

Threads fairness:
    events (avg/stddev):           8958.3750/21.34
    execution time (avg/stddev):   43.9871/0.00

