sysbench 1.0.20 (using system LuaJIT 2.1.1761786044)

Running the test with following options:
Number of threads: 8
Initializing random number generator from current time


Initializing worker threads...

Threads started!

SQL statistics:
    queries performed:
        read:                            944888
        write:                           0
        other:                           134984
        total:                           1079872
    transactions:                        67492  (1533.63 per sec.)
    queries:                             1079872 (24538.09 per sec.)
    ignored errors:                      0      (0.00 per sec.)
    reconnects:                          0      (0.00 per sec.)

General statistics:
    total time:                          44.0074s
    total number of events:              67492

Latency (ms):
         min:                                    0.87
         avg:                                    5.21
         max:                                   44.99
         95th percentile:                        9.22
         sum:                               351915.87

Threads fairness:
    events (avg/stddev):           8436.5000/27.15
    execution time (avg/stddev):   43.9895/0.00

