sysbench 1.0.20 (using system LuaJIT 2.1.1761786044)

Running the test with following options:
Number of threads: 8
Initializing random number generator from current time


Initializing worker threads...

Threads started!

SQL statistics:
    queries performed:
        read:                            0
        write:                           488892
        other:                           0
        total:                           488892
    transactions:                        488892 (11108.73 per sec.)
    queries:                             488892 (11108.73 per sec.)
    ignored errors:                      0      (0.00 per sec.)
    reconnects:                          0      (0.00 per sec.)

General statistics:
    total time:                          44.0089s
    total number of events:              488892

Latency (ms):
         min:                                    0.04
         avg:                                    0.72
         max:                                   59.46
         95th percentile:                        2.00
         sum:                               351599.52

Threads fairness:
    events (avg/stddev):           61111.5000/132.23
    execution time (avg/stddev):   43.9499/0.00

