=== ⓠ3b GC-ON COEXISTENCE (serve latency + bounded live_versions in one GC-on run). N(serve)=3 ===
Wed Jul  1 15:57:02 KST 2026

########## bp64M_m0_i1 (N=3) ##########
>> bp64M_m0_i1 : deep1_lat=29.26802825s phys=335297 HLL=391107 live_versions=7010 hit=1675193 construct_BAD=0 served=0

########## bp64M_m0_i2 (N=3) ##########
>> bp64M_m0_i2 : deep1_lat=30.98796225s phys=327080 HLL=393469 live_versions=6934 hit=1690022 construct_BAD=0 served=0

########## bp64M_m1_i1 (N=3) ##########
>> bp64M_m1_i1 : deep1_lat=27.88984875s phys=279622 HLL=354413 live_versions=7053 hit=1475423 construct_BAD=0 served=1473983

########## bp64M_m1_i2 (N=3) ##########
>> bp64M_m1_i2 : deep1_lat=35.35720700s phys=358194 HLL=408474 live_versions=7000 hit=1742351 construct_BAD=0 served=1740650

########## bp64M_m1_i3 (N=3) ##########
>> bp64M_m1_i3 : deep1_lat=39.69226200s phys=413014 HLL=449250 live_versions=6933 hit=1924860 construct_BAD=0 served=1922981

########## bp4G_m0_i1 (N=3) ##########
>> bp4G_m0_i1 : deep1_lat=0.20834200s phys=0 HLL=454481 live_versions=6976 hit=1986649 construct_BAD=0 served=0

########## bp4G_m0_i2 (N=3) ##########
>> bp4G_m0_i2 : deep1_lat=0.21441050s phys=0 HLL=482847 live_versions=6902 hit=2102924 construct_BAD=0 served=0

########## bp4G_m1_i1 (N=3) ##########
>> bp4G_m1_i1 : deep1_lat=0.21821125s phys=0 HLL=419710 live_versions=7034 hit=1779877 construct_BAD=0 served=1778139

########## bp4G_m1_i2 (N=3) ##########
>> bp4G_m1_i2 : deep1_lat=0.21961200s phys=0 HLL=412616 live_versions=7024 hit=1768356 construct_BAD=0 served=1766630

########## bp4G_m1_i3 (N=3) ##########
>> bp4G_m1_i3 : deep1_lat=0.31641075s phys=0 HLL=488896 live_versions=7053 hit=2114897 construct_BAD=0 served=2112832

=== RAW CSV (/mnt/c/Users/USER/projects/AccelerateMVCC/integration/results/q18_gc_coexist.csv) ===
iter,bp,mode,deep1_lat_s,phys_reads,innodb_hll,cache_live_versions,consult_calls,hit,construct_BAD,served
1,64M,0,29.26802825,335297,391107,7010,1979092,1675193,0,0
2,64M,0,30.98796225,327080,393469,6934,1993995,1690022,0,0
1,64M,1,27.88984875,279622,354413,7053,1786355,1475423,0,1473983
2,64M,1,35.35720700,358194,408474,7000,2070567,1742351,0,1740650
3,64M,1,39.69226200,413014,449250,6933,2278293,1924860,0,1922981
1,4G,0,0.20834200,0,454481,6976,2325906,1986649,0,0
2,4G,0,0.21441050,0,482847,6902,2460671,2102924,0,0
1,4G,1,0.21821125,0,419710,7034,2116599,1779877,0,1778139
2,4G,1,0.21961200,0,412616,7024,2098922,1768356,0,1766630
3,4G,1,0.31641075,0,488896,7053,2489679,2114897,0,2112832

=== SUMMARY ===
64M mode0 latency : min=29.2680 median=30.1280 max=30.9880 n=2
64M mode1 latency : min=27.8898 median=35.3572 max=39.6923 n=3
64M mode1 live_versions : min=6933.0000 median=7000.0000 max=7053.0000 n=3
4G  mode1 latency : min=0.2182 median=0.2196 max=0.3164 n=3
4G  mode1 live_versions : min=7024.0000 median=7034.0000 max=7053.0000 n=3

Coexistence claim: under GC ON, mode-1 serve stays fast (median latency << mode-0 vanilla) WHILE
cache live_versions stays bounded, and construct_BAD=0 in every row.
=== DONE ===
Wed Jul  1 16:12:15 KST 2026
