sysbench 1.0.20 (using system LuaJIT 2.1.1761786044)

Running the test with following options:
Number of threads: 8
Initializing random number generator from current time


Initializing worker threads...

Threads started!

SQL statistics:
    queries performed:
        read:                            997528
        write:                           0
        other:                           142504
        total:                           1140032
    transactions:                        71252  (1619.17 per sec.)
    queries:                             1140032 (25906.66 per sec.)
    ignored errors:                      0      (0.00 per sec.)
    reconnects:                          0      (0.00 per sec.)

General statistics:
    total time:                          44.0047s
    total number of events:              71252

Latency (ms):
         min:                                    0.80
         avg:                                    4.94
         max:                                   66.97
         95th percentile:                        8.58
         sum:                               351896.12

Threads fairness:
    events (avg/stddev):           8906.5000/21.94
    execution time (avg/stddev):   43.9870/0.00

