sysbench 1.0.20 (using system LuaJIT 2.1.1761786044)

Running the test with following options:
Number of threads: 8
Initializing random number generator from current time


Initializing worker threads...

Threads started!

SQL statistics:
    queries performed:
        read:                            1078616
        write:                           0
        other:                           154088
        total:                           1232704
    transactions:                        77044  (1750.65 per sec.)
    queries:                             1232704 (28010.43 per sec.)
    ignored errors:                      0      (0.00 per sec.)
    reconnects:                          0      (0.00 per sec.)

General statistics:
    total time:                          44.0081s
    total number of events:              77044

Latency (ms):
         min:                                    0.79
         avg:                                    4.57
         max:                                   45.70
         95th percentile:                        7.56
         sum:                               351896.48

Threads fairness:
    events (avg/stddev):           9630.5000/22.85
    execution time (avg/stddev):   43.9871/0.00

