2026-07-01T06:59:04.128005Z 0 [System] [MY-015015] [Server] MySQL Server - start.
2026-07-01T06:59:04.351166Z 0 [System] [MY-010116] [Server] /root/mysql-build/runtime_output_directory/mysqld (mysqld 8.4.10) starting as process 700
2026-07-01T06:59:04.359938Z 1 [System] [MY-013576] [InnoDB] InnoDB initialization has started.
[accel] init: drainer started, accelerator constructed (gc=1 tail_only=0 retention_ms=1000)
2026-07-01T06:59:04.622991Z 1 [System] [MY-013577] [InnoDB] InnoDB initialization has ended.
2026-07-01T06:59:04.866030Z 0 [Warning] [MY-010068] [Server] CA certificate ca.pem is self signed.
2026-07-01T06:59:04.866675Z 0 [System] [MY-013602] [Server] Channel mysql_main configured to support TLS. Encrypted connections are now supported for this channel.
2026-07-01T06:59:04.892896Z 0 [System] [MY-010931] [Server] /root/mysql-build/runtime_output_directory/mysqld: ready for connections. Version: '8.4.10'  socket: '/root/mysql.sock'  port: 3309  Source distribution.
2026-07-01T06:59:05.120734Z 8 [Warning] [MY-013360] [Server] Plugin mysql_native_password reported: ''mysql_native_password' is deprecated and will be removed in a future release. Please use caching_sha2_password instead'
[accel] retention: t_ms=1000 max=2 p50=1 capped=0 keys=452 sampled_sum=468 drained=580 entries_retired=0 dropped=0 live_versions=580 headers=530 long_live=0
[accel] retention: t_ms=2001 max=2 p50=1 capped=0 keys=452 sampled_sum=468 drained=580 entries_retired=0 dropped=0 live_versions=580 headers=530 long_live=0
[accel] retention: t_ms=3004 max=50 p50=1 capped=0 keys=617 sampled_sum=914 drained=3060 entries_retired=0 dropped=0 live_versions=3060 headers=1070 long_live=25
[accel] gc: cycles=5 retired{windowed=1285 dummy=106} live_buckets=100 views=9 norm_clock=12536
[accel] retention: t_ms=4008 max=77 p50=1 capped=0 keys=673 sampled_sum=1311 drained=12722 entries_retired=6278 dropped=0 live_versions=6444 headers=1457 long_live=175
[accel] gc: cycles=10 retired{windowed=4443 dummy=556} live_buckets=138 views=9 norm_clock=25008
[accel] gc: cycles=15 retired{windowed=6690 dummy=1260} live_buckets=165 views=6 norm_clock=37505
[accel] retention: t_ms=5010 max=58 p50=1 capped=0 keys=674 sampled_sum=1198 drained=21788 entries_retired=15922 dropped=0 live_versions=5866 headers=1509 long_live=215
[accel] gc: cycles=20 retired{windowed=9303 dummy=2059} live_buckets=208 views=8 norm_clock=50053
[accel] retention: t_ms=6013 max=71 p50=1 capped=0 keys=674 sampled_sum=1282 drained=31197 entries_retired=24661 dropped=0 live_versions=6536 headers=1523 long_live=211
[accel] gc: cycles=25 retired{windowed=12001 dummy=2833} live_buckets=236 views=8 norm_clock=62528
[accel] gc: cycles=30 retired{windowed=15322 dummy=3661} live_buckets=158 views=9 norm_clock=75016
[accel] retention: t_ms=7015 max=70 p50=1 capped=0 keys=674 sampled_sum=1257 drained=39872 entries_retired=34421 dropped=0 live_versions=5451 headers=1526 long_live=183
[accel] gc: cycles=35 retired{windowed=17614 dummy=4431} live_buckets=170 views=9 norm_clock=87537
[accel] retention: t_ms=8018 max=43 p50=1 capped=0 keys=674 sampled_sum=1085 drained=48533 entries_retired=42018 dropped=0 live_versions=6515 headers=1529 long_live=152
[accel] gc: cycles=40 retired{windowed=20297 dummy=5257} live_buckets=202 views=9 norm_clock=100069
[accel] gc: cycles=45 retired{windowed=22931 dummy=6066} live_buckets=241 views=8 norm_clock=112553
[accel] retention: t_ms=9022 max=77 p50=1 capped=0 keys=674 sampled_sum=1351 drained=57714 entries_retired=50815 dropped=0 live_versions=6899 headers=1530 long_live=241
[accel] gc: cycles=50 retired{windowed=26277 dummy=6872} live_buckets=152 views=8 norm_clock=125003
[accel] retention: t_ms=10024 max=63 p50=1 capped=0 keys=674 sampled_sum=1224 drained=67015 entries_retired=60782 dropped=0 live_versions=6233 headers=1530 long_live=227
[accel] gc: cycles=55 retired{windowed=28492 dummy=7688} live_buckets=187 views=8 norm_clock=137651
[accel] gc: cycles=60 retired{windowed=31118 dummy=8464} live_buckets=214 views=7 norm_clock=150017
[accel] retention: t_ms=11027 max=70 p50=1 capped=0 keys=676 sampled_sum=1302 drained=76174 entries_retired=69657 dropped=0 live_versions=6517 headers=1534 long_live=214
[accel] gc: cycles=65 retired{windowed=33830 dummy=9264} live_buckets=237 views=8 norm_clock=162580
[accel] retention: t_ms=12030 max=61 p50=1 capped=0 keys=676 sampled_sum=1205 drained=85721 entries_retired=79700 dropped=0 live_versions=6021 headers=1534 long_live=200
[accel] gc: cycles=70 retired{windowed=37237 dummy=10099} live_buckets=151 views=9 norm_clock=175076
[accel] gc: cycles=75 retired{windowed=39495 dummy=10885} live_buckets=184 views=9 norm_clock=187576
[accel] retention: t_ms=13034 max=62 p50=1 capped=0 keys=676 sampled_sum=1245 drained=95754 entries_retired=89639 dropped=0 live_versions=6115 headers=1534 long_live=209
[accel] gc: cycles=80 retired{windowed=42246 dummy=11741} live_buckets=201 views=7 norm_clock=200062
[accel] retention: t_ms=14037 max=68 p50=1 capped=0 keys=676 sampled_sum=1231 drained=104784 entries_retired=99429 dropped=0 live_versions=5355 headers=1534 long_live=193
[accel] gc: cycles=85 retired{windowed=44934 dummy=12553} live_buckets=243 views=9 norm_clock=212612
[accel] gc: cycles=90 retired{windowed=48338 dummy=13321} live_buckets=162 views=7 norm_clock=225024
[accel] retention: t_ms=15044 max=54 p50=1 capped=0 keys=676 sampled_sum=1188 drained=114108 entries_retired=107661 dropped=0 live_versions=6447 headers=1534 long_live=162
[accel] gc: cycles=95 retired{windowed=50587 dummy=14117} live_buckets=191 views=8 norm_clock=237568
[accel] retention: t_ms=16049 max=38 p50=1 capped=0 keys=676 sampled_sum=1061 drained=123302 entries_retired=116974 dropped=0 live_versions=6328 headers=1534 long_live=149
[accel] gc: cycles=100 retired{windowed=53210 dummy=14969} live_buckets=199 views=9 norm_clock=250098
[accel] gc: cycles=105 retired{windowed=55872 dummy=15762} live_buckets=234 views=9 norm_clock=262596
[accel] retention: t_ms=17052 max=74 p50=1 capped=0 keys=676 sampled_sum=1352 drained=132598 entries_retired=125827 dropped=0 live_versions=6771 headers=1534 long_live=234
[accel] gc: cycles=110 retired{windowed=59249 dummy=16587} live_buckets=147 views=9 norm_clock=275002
[accel] retention: t_ms=18057 max=82 p50=1 capped=0 keys=676 sampled_sum=1382 drained=141739 entries_retired=135821 dropped=0 live_versions=5918 headers=1534 long_live=197
[accel] gc: cycles=115 retired{windowed=61511 dummy=17413} live_buckets=188 views=8 norm_clock=287554
[accel] gc: cycles=120 retired{windowed=64201 dummy=18179} live_buckets=212 views=9 norm_clock=300075
[accel] retention: t_ms=19059 max=67 p50=1 capped=0 keys=676 sampled_sum=1271 drained=151007 entries_retired=144658 dropped=0 live_versions=6349 headers=1534 long_live=212
[accel] gc: cycles=125 retired{windowed=66868 dummy=18999} live_buckets=226 views=8 norm_clock=312579
[accel] retention: t_ms=20063 max=78 p50=1 capped=0 keys=676 sampled_sum=1315 drained=160317 entries_retired=154678 dropped=0 live_versions=5639 headers=1534 long_live=172
[accel] gc: cycles=130 retired{windowed=70198 dummy=19828} live_buckets=160 views=9 norm_clock=325042
[accel] gc: cycles=135 retired{windowed=72445 dummy=20649} live_buckets=191 views=7 norm_clock=337536
[accel] retention: t_ms=21064 max=58 p50=1 capped=0 keys=676 sampled_sum=1148 drained=169288 entries_retired=164429 dropped=0 live_versions=4859 headers=1534 long_live=191
[accel] gc: cycles=140 retired{windowed=75086 dummy=21378} live_buckets=218 views=8 norm_clock=350009
[accel] retention: t_ms=22069 max=38 p50=1 capped=0 keys=676 sampled_sum=1061 drained=178323 entries_retired=171992 dropped=0 live_versions=6331 headers=1534 long_live=160
[accel] gc: cycles=145 retired{windowed=77761 dummy=22226} live_buckets=235 views=8 norm_clock=362561
[accel] retention: t_ms=23071 max=78 p50=1 capped=0 keys=676 sampled_sum=1386 drained=187799 entries_retired=181805 dropped=0 live_versions=5994 headers=1534 long_live=229
[accel] gc: cycles=150 retired{windowed=81134 dummy=23041} live_buckets=155 views=9 norm_clock=375021
[accel] gc: cycles=155 retired{windowed=83386 dummy=23854} live_buckets=180 views=8 norm_clock=387525
[accel] retention: t_ms=24074 max=77 p50=1 capped=0 keys=676 sampled_sum=1317 drained=196530 entries_retired=189670 dropped=0 live_versions=6860 headers=1534 long_live=205
[accel] gc: cycles=160 retired{windowed=86048 dummy=24634} live_buckets=205 views=9 norm_clock=400001
[accel] retention: t_ms=25076 max=63 p50=1 capped=0 keys=676 sampled_sum=1228 drained=205834 entries_retired=199657 dropped=0 live_versions=6177 headers=1534 long_live=215
[accel] gc: cycles=165 retired{windowed=88712 dummy=25446} live_buckets=240 views=9 norm_clock=412501
[accel] gc: cycles=170 retired{windowed=92072 dummy=26253} live_buckets=153 views=9 norm_clock=425139
[accel] retention: t_ms=26078 max=67 p50=1 capped=0 keys=676 sampled_sum=1231 drained=214746 entries_retired=209469 dropped=0 live_versions=5277 headers=1534 long_live=178
[accel] gc: cycles=175 retired{windowed=94311 dummy=27012} live_buckets=180 views=8 norm_clock=437518
[accel] retention: t_ms=27081 max=49 p50=1 capped=0 keys=676 sampled_sum=1167 drained=223862 entries_retired=216991 dropped=0 live_versions=6871 headers=1534 long_live=146
[accel] gc: cycles=180 retired{windowed=96954 dummy=27860} live_buckets=196 views=9 norm_clock=450044
[accel] gc: cycles=185 retired{windowed=99587 dummy=28663} live_buckets=225 views=7 norm_clock=462583
[accel] retention: t_ms=28083 max=78 p50=1 capped=0 keys=676 sampled_sum=1367 drained=232814 entries_retired=225880 dropped=0 live_versions=6934 headers=1534 long_live=225
[accel] gc: cycles=190 retired{windowed=102886 dummy=29491} live_buckets=154 views=8 norm_clock=475014
[accel] retention: t_ms=29085 max=59 p50=1 capped=0 keys=676 sampled_sum=1211 drained=241875 entries_retired=235834 dropped=0 live_versions=6041 headers=1534 long_live=229
[accel] gc: cycles=195 retired{windowed=105087 dummy=30344} live_buckets=187 views=7 norm_clock=487573
[accel] gc: cycles=200 retired{windowed=107694 dummy=31157} live_buckets=212 views=9 norm_clock=500033
[accel] retention: t_ms=30088 max=67 p50=1 capped=0 keys=676 sampled_sum=1248 drained=251007 entries_retired=244638 dropped=0 live_versions=6369 headers=1534 long_live=212
[accel] gc: cycles=205 retired{windowed=110265 dummy=31958} live_buckets=231 views=9 norm_clock=512506
[accel] retention: t_ms=31092 max=81 p50=1 capped=0 keys=676 sampled_sum=1363 drained=260487 entries_retired=254662 dropped=0 live_versions=5825 headers=1534 long_live=198
[accel] gc: cycles=210 retired{windowed=113665 dummy=32800} live_buckets=149 views=9 norm_clock=525068
[accel] gc: cycles=215 retired{windowed=115873 dummy=33636} live_buckets=176 views=9 norm_clock=537553
[accel] retention: t_ms=32094 max=57 p50=1 capped=0 keys=676 sampled_sum=1191 drained=269294 entries_retired=264438 dropped=0 live_versions=4856 headers=1534 long_live=176
[accel] gc: cycles=220 retired{windowed=118533 dummy=34459} live_buckets=205 views=8 norm_clock=550087
[accel] retention: t_ms=33097 max=65 p50=1 capped=0 keys=676 sampled_sum=1294 drained=277180 entries_retired=270826 dropped=0 live_versions=6354 headers=1534 long_live=230
[accel] gc: cycles=225 retired{windowed=121224 dummy=35283} live_buckets=228 views=8 norm_clock=562536
[accel] retention: t_ms=34107 max=69 p50=1 capped=0 keys=676 sampled_sum=1253 drained=284869 entries_retired=279404 dropped=0 live_versions=5465 headers=1534 long_live=178
[accel] gc: cycles=230 retired{windowed=124479 dummy=36155} live_buckets=157 views=9 norm_clock=575020
[accel] retention: t_ms=35112 max=68 p50=1 capped=0 keys=676 sampled_sum=1284 drained=292342 entries_retired=285825 dropped=0 live_versions=6517 headers=1534 long_live=232
[accel] gc: cycles=235 retired{windowed=126649 dummy=36978} live_buckets=187 views=8 norm_clock=587528
[accel] retention: t_ms=36119 max=68 p50=1 capped=0 keys=676 sampled_sum=1264 drained=299802 entries_retired=294413 dropped=0 live_versions=5389 headers=1534 long_live=178
[accel] gc: cycles=240 retired{windowed=129328 dummy=37842} live_buckets=203 views=9 norm_clock=600041
[accel] gc: cycles=245 retired{windowed=131973 dummy=38674} live_buckets=231 views=9 norm_clock=612512
[accel] retention: t_ms=37122 max=58 p50=1 capped=0 keys=676 sampled_sum=1196 drained=306814 entries_retired=300851 dropped=0 live_versions=5963 headers=1534 long_live=231
[accel] gc: cycles=250 retired{windowed=135264 dummy=39503} live_buckets=151 views=8 norm_clock=625040
[accel] retention: t_ms=38133 max=62 p50=1 capped=0 keys=676 sampled_sum=1209 drained=314534 entries_retired=309456 dropped=0 live_versions=5078 headers=1534 long_live=176
[accel] gc: cycles=255 retired{windowed=137471 dummy=40272} live_buckets=178 views=8 norm_clock=637503
[accel] retention: t_ms=39141 max=64 p50=1 capped=0 keys=676 sampled_sum=1272 drained=322147 entries_retired=315823 dropped=0 live_versions=6324 headers=1534 long_live=228
[accel] gc: cycles=260 retired{windowed=140166 dummy=41111} live_buckets=209 views=6 norm_clock=650043
[accel] retention: t_ms=40143 max=74 p50=1 capped=0 keys=676 sampled_sum=1314 drained=331359 entries_retired=324692 dropped=0 live_versions=6667 headers=1534 long_live=203
[accel] gc: cycles=265 retired{windowed=142829 dummy=41941} live_buckets=228 views=7 norm_clock=662560
[accel] gc: cycles=270 retired{windowed=146165 dummy=42715} live_buckets=168 views=9 norm_clock=675041
[accel] retention: t_ms=41146 max=68 p50=1 capped=0 keys=676 sampled_sum=1251 drained=341096 entries_retired=334653 dropped=0 live_versions=6443 headers=1534 long_live=218
[accel] gc: cycles=275 retired{windowed=148395 dummy=43546} live_buckets=182 views=9 norm_clock=687524
[accel] retention: t_ms=42148 max=76 p50=1 capped=0 keys=676 sampled_sum=1304 drained=350227 entries_retired=344465 dropped=0 live_versions=5762 headers=1534 long_live=182
[accel] gc: cycles=280 retired{windowed=151052 dummy=44343} live_buckets=207 views=9 norm_clock=700082
[accel] gc: cycles=285 retired{windowed=153778 dummy=45144} live_buckets=225 views=9 norm_clock=712584
[accel] retention: t_ms=43151 max=59 p50=1 capped=0 keys=676 sampled_sum=1187 drained=359408 entries_retired=354491 dropped=0 live_versions=4917 headers=1534 long_live=175
[accel] gc: cycles=290 retired{windowed=157169 dummy=45993} live_buckets=157 views=9 norm_clock=725040
[accel] retention: t_ms=44153 max=48 p50=1 capped=0 keys=676 sampled_sum=1136 drained=368864 entries_retired=362070 dropped=0 live_versions=6794 headers=1534 long_live=161
[accel] gc: cycles=295 retired{windowed=159399 dummy=46785} live_buckets=186 views=7 norm_clock=737520
[accel] gc: cycles=300 retired{windowed=162042 dummy=47660} live_buckets=207 views=8 norm_clock=750129
[accel] retention: t_ms=45155 max=81 p50=1 capped=0 keys=676 sampled_sum=1382 drained=377974 entries_retired=371920 dropped=0 live_versions=6054 headers=1534 long_live=232
[accel] gc: cycles=305 retired{windowed=164741 dummy=48441} live_buckets=235 views=8 norm_clock=762503
[accel] retention: t_ms=46158 max=71 p50=1 capped=0 keys=676 sampled_sum=1328 drained=387507 entries_retired=380861 dropped=0 live_versions=6646 headers=1534 long_live=238
[accel] gc: cycles=310 retired{windowed=168164 dummy=49195} live_buckets=163 views=8 norm_clock=775020
[accel] gc: cycles=315 retired{windowed=170468 dummy=49970} live_buckets=171 views=1 norm_clock=787701
[accel] retention: t_ms=47160 max=53 p50=1 capped=0 keys=676 sampled_sum=1127 drained=394109 entries_retired=389743 dropped=0 live_versions=4366 headers=1534 long_live=171
[accel] retention: t_ms=48162 max=53 p50=1 capped=0 keys=676 sampled_sum=1127 drained=394109 entries_retired=389743 dropped=0 live_versions=4366 headers=1534 long_live=171
[accel] retention: t_ms=49163 max=53 p50=1 capped=0 keys=676 sampled_sum=1127 drained=394109 entries_retired=389743 dropped=0 live_versions=4366 headers=1534 long_live=171
[accel] retention: t_ms=50165 max=53 p50=1 capped=0 keys=676 sampled_sum=1127 drained=394109 entries_retired=389743 dropped=0 live_versions=4366 headers=1534 long_live=171
[accel] retention: t_ms=51167 max=53 p50=1 capped=0 keys=676 sampled_sum=1132 drained=394125 entries_retired=389743 dropped=0 live_versions=4382 headers=1534 long_live=171
[accel] retention: t_ms=52168 max=53 p50=1 capped=0 keys=676 sampled_sum=1132 drained=394125 entries_retired=389743 dropped=0 live_versions=4382 headers=1534 long_live=171
[accel] retention: t_ms=53170 max=53 p50=1 capped=0 keys=676 sampled_sum=1132 drained=394125 entries_retired=389743 dropped=0 live_versions=4382 headers=1534 long_live=171
[accel] retention: t_ms=54172 max=53 p50=1 capped=0 keys=676 sampled_sum=1132 drained=394125 entries_retired=389743 dropped=0 live_versions=4382 headers=1534 long_live=171
[accel] retention: t_ms=55173 max=53 p50=1 capped=0 keys=676 sampled_sum=1132 drained=394125 entries_retired=389743 dropped=0 live_versions=4382 headers=1534 long_live=171
[accel] retention: t_ms=56175 max=53 p50=1 capped=0 keys=676 sampled_sum=1132 drained=394125 entries_retired=389743 dropped=0 live_versions=4382 headers=1534 long_live=171
[accel] retention: t_ms=57177 max=53 p50=1 capped=0 keys=676 sampled_sum=1132 drained=394125 entries_retired=389743 dropped=0 live_versions=4382 headers=1534 long_live=171
[accel] retention: t_ms=58178 max=53 p50=1 capped=0 keys=676 sampled_sum=1132 drained=394125 entries_retired=389743 dropped=0 live_versions=4382 headers=1534 long_live=171
[accel] retention: t_ms=59180 max=53 p50=1 capped=0 keys=676 sampled_sum=1132 drained=394125 entries_retired=389743 dropped=0 live_versions=4382 headers=1534 long_live=171
[accel] retention: t_ms=60182 max=53 p50=1 capped=0 keys=676 sampled_sum=1132 drained=394125 entries_retired=389743 dropped=0 live_versions=4382 headers=1534 long_live=171
[accel] retention: t_ms=61184 max=53 p50=1 capped=0 keys=676 sampled_sum=1132 drained=394125 entries_retired=389743 dropped=0 live_versions=4382 headers=1534 long_live=171
[accel] retention: t_ms=62185 max=53 p50=1 capped=0 keys=676 sampled_sum=1132 drained=394125 entries_retired=389743 dropped=0 live_versions=4382 headers=1534 long_live=171
[accel] retention: t_ms=63187 max=53 p50=1 capped=0 keys=676 sampled_sum=1132 drained=394125 entries_retired=389743 dropped=0 live_versions=4382 headers=1534 long_live=171
[accel] retention: t_ms=64188 max=53 p50=1 capped=0 keys=676 sampled_sum=1132 drained=394125 entries_retired=389743 dropped=0 live_versions=4382 headers=1534 long_live=171
[accel] retention: t_ms=65190 max=53 p50=1 capped=0 keys=676 sampled_sum=1132 drained=394125 entries_retired=389743 dropped=0 live_versions=4382 headers=1534 long_live=171
[accel] retention: t_ms=66192 max=53 p50=1 capped=0 keys=676 sampled_sum=1132 drained=394125 entries_retired=389743 dropped=0 live_versions=4382 headers=1534 long_live=171
[accel] retention: t_ms=67194 max=53 p50=1 capped=0 keys=676 sampled_sum=1132 drained=394125 entries_retired=389743 dropped=0 live_versions=4382 headers=1534 long_live=171
[accel] retention: t_ms=68196 max=53 p50=1 capped=0 keys=676 sampled_sum=1132 drained=394125 entries_retired=389743 dropped=0 live_versions=4382 headers=1534 long_live=171
[accel] retention: t_ms=69198 max=53 p50=1 capped=0 keys=676 sampled_sum=1132 drained=394125 entries_retired=389743 dropped=0 live_versions=4382 headers=1534 long_live=171
[accel] retention: t_ms=70199 max=53 p50=1 capped=0 keys=676 sampled_sum=1132 drained=394125 entries_retired=389743 dropped=0 live_versions=4382 headers=1534 long_live=171
[accel] retention: t_ms=71201 max=53 p50=1 capped=0 keys=676 sampled_sum=1132 drained=394125 entries_retired=389743 dropped=0 live_versions=4382 headers=1534 long_live=171
[accel] retention: t_ms=72203 max=53 p50=1 capped=0 keys=676 sampled_sum=1132 drained=394125 entries_retired=389743 dropped=0 live_versions=4382 headers=1534 long_live=171
[accel] retention: t_ms=73204 max=53 p50=1 capped=0 keys=676 sampled_sum=1132 drained=394125 entries_retired=389743 dropped=0 live_versions=4382 headers=1534 long_live=171
[accel] retention: t_ms=74206 max=53 p50=1 capped=0 keys=676 sampled_sum=1132 drained=394125 entries_retired=389743 dropped=0 live_versions=4382 headers=1534 long_live=171
[accel] retention: t_ms=75208 max=53 p50=1 capped=0 keys=676 sampled_sum=1132 drained=394125 entries_retired=389743 dropped=0 live_versions=4382 headers=1534 long_live=171
[accel] retention: t_ms=76210 max=53 p50=1 capped=0 keys=676 sampled_sum=1132 drained=394125 entries_retired=389743 dropped=0 live_versions=4382 headers=1534 long_live=171
[accel] retention: t_ms=77211 max=53 p50=1 capped=0 keys=676 sampled_sum=1132 drained=394125 entries_retired=389743 dropped=0 live_versions=4382 headers=1534 long_live=171
[accel] retention: t_ms=78213 max=53 p50=1 capped=0 keys=676 sampled_sum=1132 drained=394125 entries_retired=389743 dropped=0 live_versions=4382 headers=1534 long_live=171
[accel] retention: t_ms=79216 max=53 p50=1 capped=0 keys=676 sampled_sum=1132 drained=394125 entries_retired=389743 dropped=0 live_versions=4382 headers=1534 long_live=171
[accel] retention: t_ms=80218 max=53 p50=1 capped=0 keys=676 sampled_sum=1132 drained=394125 entries_retired=389743 dropped=0 live_versions=4382 headers=1534 long_live=171
[accel] retention: t_ms=81221 max=53 p50=1 capped=0 keys=676 sampled_sum=1132 drained=394125 entries_retired=389743 dropped=0 live_versions=4382 headers=1534 long_live=171
[accel] retention: t_ms=82223 max=53 p50=1 capped=0 keys=676 sampled_sum=1132 drained=394125 entries_retired=389743 dropped=0 live_versions=4382 headers=1534 long_live=171
[accel] retention: t_ms=83224 max=53 p50=1 capped=0 keys=676 sampled_sum=1132 drained=394125 entries_retired=389743 dropped=0 live_versions=4382 headers=1534 long_live=171
[accel] retention: t_ms=84226 max=53 p50=1 capped=0 keys=676 sampled_sum=1132 drained=394125 entries_retired=389743 dropped=0 live_versions=4382 headers=1534 long_live=171
[accel] retention: t_ms=85228 max=53 p50=1 capped=0 keys=676 sampled_sum=1132 drained=394125 entries_retired=389743 dropped=0 live_versions=4382 headers=1534 long_live=171
[accel] retention: t_ms=86230 max=53 p50=1 capped=0 keys=676 sampled_sum=1132 drained=394125 entries_retired=389743 dropped=0 live_versions=4382 headers=1534 long_live=171
[accel] retention: t_ms=87232 max=53 p50=1 capped=0 keys=676 sampled_sum=1132 drained=394125 entries_retired=389743 dropped=0 live_versions=4382 headers=1534 long_live=171
[accel] retention: t_ms=88234 max=53 p50=1 capped=0 keys=676 sampled_sum=1132 drained=394125 entries_retired=389743 dropped=0 live_versions=4382 headers=1534 long_live=171
[accel] retention: t_ms=89236 max=53 p50=1 capped=0 keys=676 sampled_sum=1132 drained=394125 entries_retired=389743 dropped=0 live_versions=4382 headers=1534 long_live=171
[accel] retention: t_ms=90238 max=53 p50=1 capped=0 keys=676 sampled_sum=1132 drained=394125 entries_retired=389743 dropped=0 live_versions=4382 headers=1534 long_live=171
[accel] retention: t_ms=91242 max=53 p50=1 capped=0 keys=676 sampled_sum=1132 drained=394125 entries_retired=389743 dropped=0 live_versions=4382 headers=1534 long_live=171
[accel] retention: t_ms=92243 max=53 p50=1 capped=0 keys=676 sampled_sum=1132 drained=394125 entries_retired=389743 dropped=0 live_versions=4382 headers=1534 long_live=171
[accel] retention: t_ms=93245 max=53 p50=1 capped=0 keys=676 sampled_sum=1132 drained=394125 entries_retired=389743 dropped=0 live_versions=4382 headers=1534 long_live=171
[accel] retention: t_ms=94247 max=53 p50=1 capped=0 keys=676 sampled_sum=1132 drained=394125 entries_retired=389743 dropped=0 live_versions=4382 headers=1534 long_live=171
[accel] retention: t_ms=95249 max=53 p50=1 capped=0 keys=676 sampled_sum=1132 drained=394125 entries_retired=389743 dropped=0 live_versions=4382 headers=1534 long_live=171
[accel] retention: t_ms=96250 max=53 p50=1 capped=0 keys=676 sampled_sum=1132 drained=394125 entries_retired=389743 dropped=0 live_versions=4382 headers=1534 long_live=171
[accel] retention: t_ms=97252 max=53 p50=1 capped=0 keys=676 sampled_sum=1132 drained=394125 entries_retired=389743 dropped=0 live_versions=4382 headers=1534 long_live=171
[accel] retention: t_ms=98254 max=53 p50=1 capped=0 keys=676 sampled_sum=1132 drained=394125 entries_retired=389743 dropped=0 live_versions=4382 headers=1534 long_live=171
[accel] retention: t_ms=99256 max=53 p50=1 capped=0 keys=676 sampled_sum=1132 drained=394125 entries_retired=389743 dropped=0 live_versions=4382 headers=1534 long_live=171
[accel] retention: t_ms=100258 max=53 p50=1 capped=0 keys=676 sampled_sum=1132 drained=394125 entries_retired=389743 dropped=0 live_versions=4382 headers=1534 long_live=171
[accel] retention: t_ms=101260 max=53 p50=1 capped=0 keys=676 sampled_sum=1132 drained=394125 entries_retired=389743 dropped=0 live_versions=4382 headers=1534 long_live=171
[accel] retention: t_ms=102262 max=53 p50=1 capped=0 keys=676 sampled_sum=1132 drained=394125 entries_retired=389743 dropped=0 live_versions=4382 headers=1534 long_live=171
[accel] retention: t_ms=103263 max=53 p50=1 capped=0 keys=676 sampled_sum=1132 drained=394125 entries_retired=389743 dropped=0 live_versions=4382 headers=1534 long_live=171
[accel] retention: t_ms=104266 max=53 p50=1 capped=0 keys=676 sampled_sum=1132 drained=394125 entries_retired=389743 dropped=0 live_versions=4382 headers=1534 long_live=171
[accel] retention: t_ms=105268 max=53 p50=1 capped=0 keys=676 sampled_sum=1132 drained=394125 entries_retired=389743 dropped=0 live_versions=4382 headers=1534 long_live=171
[accel] retention: t_ms=106271 max=53 p50=1 capped=0 keys=676 sampled_sum=1132 drained=394125 entries_retired=389743 dropped=0 live_versions=4382 headers=1534 long_live=171
[accel] retention: t_ms=107272 max=53 p50=1 capped=0 keys=676 sampled_sum=1132 drained=394125 entries_retired=389743 dropped=0 live_versions=4382 headers=1534 long_live=171
[accel] retention: t_ms=108274 max=53 p50=1 capped=0 keys=676 sampled_sum=1132 drained=394125 entries_retired=389743 dropped=0 live_versions=4382 headers=1534 long_live=171
[accel] retention: t_ms=109276 max=53 p50=1 capped=0 keys=676 sampled_sum=1132 drained=394125 entries_retired=389743 dropped=0 live_versions=4382 headers=1534 long_live=171
[accel] retention: t_ms=110278 max=53 p50=1 capped=0 keys=676 sampled_sum=1132 drained=394125 entries_retired=389743 dropped=0 live_versions=4382 headers=1534 long_live=171
[accel] retention: t_ms=111279 max=53 p50=1 capped=0 keys=676 sampled_sum=1132 drained=394125 entries_retired=389743 dropped=0 live_versions=4382 headers=1534 long_live=171
[accel] retention: t_ms=112281 max=53 p50=1 capped=0 keys=676 sampled_sum=1132 drained=394125 entries_retired=389743 dropped=0 live_versions=4382 headers=1534 long_live=171
2026-07-01T07:00:57.341990Z 31 [System] [MY-013172] [Server] Received SHUTDOWN from user root. Shutting down mysqld (Version: 8.4.10).
[accel] shutdown: enq=394125 drained=394125 dropped=0 pk_buckets=676/1024 live_epoch_buckets=171
[accel] consult: calls=1993995 hit=1690022 miss{absent=227 novisible=0 noncontig=303746 ineligible=0 gcrace=0} | construct_ok=1690022 construct_BAD=0 | auth_mode=0 served=0 gen_gate=1
[accel] audit: mode=0 audit_n=1024 mode1_hits=0 audited=0 (mode-1: ok+bad==audited, bad==0)
[accel] noncontig split: head_writer_gate=301746 (cache head behind live row) chase_break=2000 (GC severed a mid-chain link)
[accel] view-registry: open_calls=63108 published=63108 unpublished=63557 publish_on=1 live_snapshot=0 floor=none clock=788252
[accel] construct_BAD detail: trx_same=0 (right version, bytes differ) trx_diff=0 (WRONG version: older=0 [cache behind] newer=0 [visibility])
[accel] newer split: vanilla_sees=0 (cross-generation: ct visible, off vanilla's chain) vanilla_hides=0 (input mismatch: consult got different view limits)
[accel] gc: enabled=1 retired{total=220438 windowed=170468 dummy=49970} live_buckets=171 clock=788252
[accel] fg-alpha: consult_fg=0 coop_dead_seen=0 | drain_cap=1000 dummy_pending=945
2026-07-01T07:00:58.096344Z 0 [System] [MY-010910] [Server] /root/mysql-build/runtime_output_directory/mysqld: Shutdown complete (mysqld 8.4.10)  Source distribution.
2026-07-01T07:00:58.097524Z 0 [System] [MY-015016] [Server] MySQL Server - end.
