sysbench 1.0.20 (using system LuaJIT 2.1.1761786044)

Running the test with following options:
Number of threads: 8
Initializing random number generator from current time


Initializing worker threads...

Threads started!

SQL statistics:
    queries performed:
        read:                            1064756
        write:                           0
        other:                           152108
        total:                           1216864
    transactions:                        76054  (1728.15 per sec.)
    queries:                             1216864 (27650.42 per sec.)
    ignored errors:                      0      (0.00 per sec.)
    reconnects:                          0      (0.00 per sec.)

General statistics:
    total time:                          44.0082s
    total number of events:              76054

Latency (ms):
         min:                                    0.88
         avg:                                    4.63
         max:                                   42.15
         95th percentile:                        7.17
         sum:                               351913.59

Threads fairness:
    events (avg/stddev):           9506.7500/21.03
    execution time (avg/stddev):   43.9892/0.00

