sysbench 1.0.20 (using system LuaJIT 2.1.1761786044)

Running the test with following options:
Number of threads: 8
Initializing random number generator from current time


Initializing worker threads...

Threads started!

SQL statistics:
    queries performed:
        read:                            0
        write:                           354409
        other:                           0
        total:                           354409
    transactions:                        354409 (8053.96 per sec.)
    queries:                             354409 (8053.96 per sec.)
    ignored errors:                      0      (0.00 per sec.)
    reconnects:                          0      (0.00 per sec.)

General statistics:
    total time:                          44.0036s
    total number of events:              354409

Latency (ms):
         min:                                    0.04
         avg:                                    0.99
         max:                                  124.69
         95th percentile:                        3.07
         sum:                               351590.02

Threads fairness:
    events (avg/stddev):           44301.1250/211.83
    execution time (avg/stddev):   43.9488/0.01

