sysbench 1.0.20 (using system LuaJIT 2.1.1761786044)

Running the test with following options:
Number of threads: 8
Initializing random number generator from current time


Initializing worker threads...

Threads started!

SQL statistics:
    queries performed:
        read:                            0
        write:                           352576
        other:                           176922
        total:                           529498
    transactions:                        87504  (1988.49 per sec.)
    queries:                             529498 (12032.58 per sec.)
    ignored errors:                      1914   (43.49 per sec.)
    reconnects:                          0      (0.00 per sec.)

General statistics:
    total time:                          44.0048s
    total number of events:              87504

Latency (ms):
         min:                                    0.79
         avg:                                    4.02
         max:                                   48.56
         95th percentile:                        6.09
         sum:                               351914.92

Threads fairness:
    events (avg/stddev):           10938.0000/39.38
    execution time (avg/stddev):   43.9894/0.00

