2026-06-30T08:42:27.473580Z 0 [System] [MY-015015] [Server] MySQL Server - start.
2026-06-30T08:42:27.713862Z 0 [System] [MY-010116] [Server] /root/mysql-build/runtime_output_directory/mysqld (mysqld 8.4.10) starting as process 3482
2026-06-30T08:42:27.720153Z 1 [System] [MY-013576] [InnoDB] InnoDB initialization has started.
[accel] init: drainer started, accelerator constructed (gc=0 tail_only=0 retention_ms=0)
2026-06-30T08:42:27.999955Z 1 [System] [MY-013577] [InnoDB] InnoDB initialization has ended.
2026-06-30T08:42:28.245335Z 0 [Warning] [MY-010068] [Server] CA certificate ca.pem is self signed.
2026-06-30T08:42:28.246155Z 0 [System] [MY-013602] [Server] Channel mysql_main configured to support TLS. Encrypted connections are now supported for this channel.
2026-06-30T08:42:28.268977Z 0 [System] [MY-010931] [Server] /root/mysql-build/runtime_output_directory/mysqld: ready for connections. Version: '8.4.10'  socket: '/root/mysql.sock'  port: 3309  Source distribution.
2026-06-30T08:42:28.466225Z 8 [Warning] [MY-013360] [Server] Plugin mysql_native_password reported: ''mysql_native_password' is deprecated and will be removed in a future release. Please use caching_sha2_password instead'
2026-06-30T08:43:16.860645Z 22 [System] [MY-013172] [Server] Received SHUTDOWN from user root. Shutting down mysqld (Version: 8.4.10).
[accel] shutdown: enq=317394 drained=317394 dropped=0 pk_buckets=676/1024 live_epoch_buckets=0
[accel] consult: calls=2000 hit=1996 miss{absent=0 novisible=0 noncontig=4 ineligible=0 gcrace=0} | construct_ok=1 construct_BAD=0 | auth_mode=1 served=1995 gen_gate=1
[accel] audit: mode=1 audit_n=1024 mode1_hits=1996 audited=1 (mode-1: ok+bad==audited, bad==0)
[accel] noncontig split: head_writer_gate=4 (cache head behind live row) chase_break=0 (GC severed a mid-chain link)
[accel] view-registry: open_calls=441 published=441 unpublished=877 publish_on=1 live_snapshot=0 floor=none clock=162062
[accel] construct_BAD detail: trx_same=0 (right version, bytes differ) trx_diff=0 (WRONG version: older=0 [cache behind] newer=0 [visibility])
[accel] newer split: vanilla_sees=0 (cross-generation: ct visible, off vanilla's chain) vanilla_hides=0 (input mismatch: consult got different view limits)
[accel] gc: enabled=0 retired{total=0 windowed=0 dummy=0} live_buckets=0 clock=162062
[accel] fg-alpha: consult_fg=0 coop_dead_seen=0 | drain_cap=0 dummy_pending=108364
2026-06-30T08:43:17.335682Z 0 [System] [MY-010910] [Server] /root/mysql-build/runtime_output_directory/mysqld: Shutdown complete (mysqld 8.4.10)  Source distribution.
2026-06-30T08:43:17.337084Z 0 [System] [MY-015016] [Server] MySQL Server - end.
