sysbench 1.0.20 (using system LuaJIT 2.1.1761786044)

Running the test with following options:
Number of threads: 8
Initializing random number generator from current time


Initializing worker threads...

Threads started!

SQL statistics:
    queries performed:
        read:                            0
        write:                           321963
        other:                           161543
        total:                           483506
    transactions:                        79912  (1814.85 per sec.)
    queries:                             483506 (10980.74 per sec.)
    ignored errors:                      1719   (39.04 per sec.)
    reconnects:                          0      (0.00 per sec.)

General statistics:
    total time:                          44.0315s
    total number of events:              79912

Latency (ms):
         min:                                    0.78
         avg:                                    4.41
         max:                                  202.71
         95th percentile:                        6.67
         sum:                               352109.96

Threads fairness:
    events (avg/stddev):           9989.0000/29.67
    execution time (avg/stddev):   44.0137/0.00

