sysbench 1.0.20 (using system LuaJIT 2.1.1761786044)

Running the test with following options:
Number of threads: 8
Initializing random number generator from current time


Initializing worker threads...

Threads started!

SQL statistics:
    queries performed:
        read:                            0
        write:                           316750
        other:                           158956
        total:                           475706
    transactions:                        78585  (1785.72 per sec.)
    queries:                             475706 (10809.65 per sec.)
    ignored errors:                      1786   (40.58 per sec.)
    reconnects:                          0      (0.00 per sec.)

General statistics:
    total time:                          44.0069s
    total number of events:              78585

Latency (ms):
         min:                                    0.79
         avg:                                    4.48
         max:                                  205.81
         95th percentile:                        6.55
         sum:                               351915.91

Threads fairness:
    events (avg/stddev):           9823.1250/29.48
    execution time (avg/stddev):   43.9895/0.00

