sysbench 1.0.20 (using system LuaJIT 2.1.1761786044)

Running the test with following options:
Number of threads: 8
Initializing random number generator from current time


Initializing worker threads...

Threads started!

SQL statistics:
    queries performed:
        read:                            0
        write:                           360142
        other:                           180736
        total:                           540878
    transactions:                        89404  (2031.57 per sec.)
    queries:                             540878 (12290.63 per sec.)
    ignored errors:                      1928   (43.81 per sec.)
    reconnects:                          0      (0.00 per sec.)

General statistics:
    total time:                          44.0066s
    total number of events:              89404

Latency (ms):
         min:                                    0.79
         avg:                                    3.94
         max:                                   63.80
         95th percentile:                        5.99
         sum:                               351915.88

Threads fairness:
    events (avg/stddev):           11175.5000/43.15
    execution time (avg/stddev):   43.9895/0.00

