sysbench 1.0.20 (using system LuaJIT 2.1.1761786044)

Running the test with following options:
Number of threads: 8
Initializing random number generator from current time


Initializing worker threads...

Threads started!

SQL statistics:
    queries performed:
        read:                            0
        write:                           314789
        other:                           157987
        total:                           472776
    transactions:                        78103  (1774.78 per sec.)
    queries:                             472776 (10743.16 per sec.)
    ignored errors:                      1781   (40.47 per sec.)
    reconnects:                          0      (0.00 per sec.)

General statistics:
    total time:                          44.0060s
    total number of events:              78103

Latency (ms):
         min:                                    0.78
         avg:                                    4.51
         max:                                  275.34
         95th percentile:                        6.67
         sum:                               351920.62

Threads fairness:
    events (avg/stddev):           9762.8750/41.74
    execution time (avg/stddev):   43.9901/0.00

