sysbench 1.0.20 (using system LuaJIT 2.1.1761786044)

Running the test with following options:
Number of threads: 8
Initializing random number generator from current time


Initializing worker threads...

Threads started!

SQL statistics:
    queries performed:
        read:                            0
        write:                           348464
        other:                           174870
        total:                           523334
    transactions:                        86462  (1964.73 per sec.)
    queries:                             523334 (11892.03 per sec.)
    ignored errors:                      1946   (44.22 per sec.)
    reconnects:                          0      (0.00 per sec.)

General statistics:
    total time:                          44.0064s
    total number of events:              86462

Latency (ms):
         min:                                    0.79
         avg:                                    4.07
         max:                                   66.79
         95th percentile:                        6.21
         sum:                               351910.29

Threads fairness:
    events (avg/stddev):           10807.7500/32.66
    execution time (avg/stddev):   43.9888/0.00

