sysbench 1.0.20 (using system LuaJIT 2.1.1761786044)

Running the test with following options:
Number of threads: 8
Initializing random number generator from current time


Initializing worker threads...

Threads started!

SQL statistics:
    queries performed:
        read:                            0
        write:                           358116
        other:                           179677
        total:                           537793
    transactions:                        88866  (2019.42 per sec.)
    queries:                             537793 (12221.00 per sec.)
    ignored errors:                      1945   (44.20 per sec.)
    reconnects:                          0      (0.00 per sec.)

General statistics:
    total time:                          44.0051s
    total number of events:              88866

Latency (ms):
         min:                                    0.78
         avg:                                    3.96
         max:                                   61.57
         95th percentile:                        5.99
         sum:                               351920.74

Threads fairness:
    events (avg/stddev):           11108.2500/43.06
    execution time (avg/stddev):   43.9901/0.00

