sysbench 1.0.20 (using system LuaJIT 2.1.1761786044)

Running the test with following options:
Number of threads: 8
Initializing random number generator from current time


Initializing worker threads...

Threads started!

SQL statistics:
    queries performed:
        read:                            0
        write:                           345825
        other:                           173517
        total:                           519342
    transactions:                        85800  (1949.71 per sec.)
    queries:                             519342 (11801.47 per sec.)
    ignored errors:                      1917   (43.56 per sec.)
    reconnects:                          0      (0.00 per sec.)

General statistics:
    total time:                          44.0058s
    total number of events:              85800

Latency (ms):
         min:                                    0.79
         avg:                                    4.10
         max:                                   73.98
         95th percentile:                        6.32
         sum:                               351886.17

Threads fairness:
    events (avg/stddev):           10725.0000/51.34
    execution time (avg/stddev):   43.9858/0.00

