sysbench 1.0.20 (using system LuaJIT 2.1.1761786044)

Running the test with following options:
Number of threads: 8
Initializing random number generator from current time


Initializing worker threads...

Threads started!

SQL statistics:
    queries performed:
        read:                            0
        write:                           356172
        other:                           178747
        total:                           534919
    transactions:                        88388  (2008.24 per sec.)
    queries:                             534919 (12153.76 per sec.)
    ignored errors:                      1971   (44.78 per sec.)
    reconnects:                          0      (0.00 per sec.)

General statistics:
    total time:                          44.0120s
    total number of events:              88388

Latency (ms):
         min:                                    0.78
         avg:                                    3.98
         max:                                   52.23
         95th percentile:                        6.09
         sum:                               351963.20

Threads fairness:
    events (avg/stddev):           11048.5000/41.18
    execution time (avg/stddev):   43.9954/0.00

