sysbench 1.0.20 (using system LuaJIT 2.1.1761786044)

Running the test with following options:
Number of threads: 8
Initializing random number generator from current time


Initializing worker threads...

Threads started!

SQL statistics:
    queries performed:
        read:                            0
        write:                           320766
        other:                           160981
        total:                           481747
    transactions:                        79587  (1807.76 per sec.)
    queries:                             481747 (10942.52 per sec.)
    ignored errors:                      1807   (41.04 per sec.)
    reconnects:                          0      (0.00 per sec.)

General statistics:
    total time:                          44.0242s
    total number of events:              79587

Latency (ms):
         min:                                    0.78
         avg:                                    4.42
         max:                                  192.28
         95th percentile:                        6.79
         sum:                               352053.86

Threads fairness:
    events (avg/stddev):           9948.3750/51.34
    execution time (avg/stddev):   44.0067/0.00

