sysbench 1.0.20 (using system LuaJIT 2.1.1761786044)

Running the test with following options:
Number of threads: 8
Initializing random number generator from current time


Initializing worker threads...

Threads started!

SQL statistics:
    queries performed:
        read:                            0
        write:                           361910
        other:                           181649
        total:                           543559
    transactions:                        89781  (2040.20 per sec.)
    queries:                             543559 (12351.94 per sec.)
    ignored errors:                      2087   (47.43 per sec.)
    reconnects:                          0      (0.00 per sec.)

General statistics:
    total time:                          44.0054s
    total number of events:              89781

Latency (ms):
         min:                                    0.79
         avg:                                    3.92
         max:                                   47.22
         95th percentile:                        6.09
         sum:                               351913.94

Threads fairness:
    events (avg/stddev):           11222.6250/65.77
    execution time (avg/stddev):   43.9892/0.00

