sysbench 1.0.20 (using system LuaJIT 2.1.1761786044)

Running the test with following options:
Number of threads: 8
Initializing random number generator from current time


Initializing worker threads...

Threads started!

SQL statistics:
    queries performed:
        read:                            0
        write:                           310840
        other:                           155989
        total:                           466829
    transactions:                        77137  (1752.87 per sec.)
    queries:                             466829 (10608.25 per sec.)
    ignored errors:                      1715   (38.97 per sec.)
    reconnects:                          0      (0.00 per sec.)

General statistics:
    total time:                          44.0056s
    total number of events:              77137

Latency (ms):
         min:                                    0.78
         avg:                                    4.56
         max:                                  480.96
         95th percentile:                        6.67
         sum:                               351918.25

Threads fairness:
    events (avg/stddev):           9642.1250/19.51
    execution time (avg/stddev):   43.9898/0.00

