sysbench 1.0.20 (using system LuaJIT 2.1.1761786044)

Running the test with following options:
Number of threads: 8
Initializing random number generator from current time


Initializing worker threads...

Threads started!

SQL statistics:
    queries performed:
        read:                            0
        write:                           316503
        other:                           158802
        total:                           475305
    transactions:                        78550  (1784.91 per sec.)
    queries:                             475305 (10800.47 per sec.)
    ignored errors:                      1702   (38.67 per sec.)
    reconnects:                          0      (0.00 per sec.)

General statistics:
    total time:                          44.0069s
    total number of events:              78550

Latency (ms):
         min:                                    0.80
         avg:                                    4.48
         max:                                  315.92
         95th percentile:                        6.67
         sum:                               351910.30

Threads fairness:
    events (avg/stddev):           9818.7500/43.87
    execution time (avg/stddev):   43.9888/0.00

