sysbench 1.0.20 (using system LuaJIT 2.1.1761786044)

Running the test with following options:
Number of threads: 8
Initializing random number generator from current time


Initializing worker threads...

Threads started!

SQL statistics:
    queries performed:
        read:                            0
        write:                           318439
        other:                           159784
        total:                           478223
    transactions:                        79030  (1795.89 per sec.)
    queries:                             478223 (10867.21 per sec.)
    ignored errors:                      1724   (39.18 per sec.)
    reconnects:                          0      (0.00 per sec.)

General statistics:
    total time:                          44.0055s
    total number of events:              79030

Latency (ms):
         min:                                    0.77
         avg:                                    4.45
         max:                                  314.61
         95th percentile:                        6.67
         sum:                               351915.28

Threads fairness:
    events (avg/stddev):           9878.7500/28.73
    execution time (avg/stddev):   43.9894/0.00

