sysbench 1.0.20 (using system LuaJIT 2.1.1761786044)

Running the test with following options:
Number of threads: 8
Initializing random number generator from current time


Initializing worker threads...

Threads started!

SQL statistics:
    queries performed:
        read:                            0
        write:                           375457
        other:                           188391
        total:                           563848
    transactions:                        93211  (2118.16 per sec.)
    queries:                             563848 (12813.08 per sec.)
    ignored errors:                      1969   (44.74 per sec.)
    reconnects:                          0      (0.00 per sec.)

General statistics:
    total time:                          44.0051s
    total number of events:              93211

Latency (ms):
         min:                                    0.77
         avg:                                    3.78
         max:                                   51.68
         95th percentile:                        5.77
         sum:                               351918.86

Threads fairness:
    events (avg/stddev):           11651.3750/41.67
    execution time (avg/stddev):   43.9899/0.00

