sysbench 1.0.20 (using system LuaJIT 2.1.1761786044)

Running the test with following options:
Number of threads: 8
Initializing random number generator from current time


Initializing worker threads...

Threads started!

SQL statistics:
    queries performed:
        read:                            0
        write:                           354980
        other:                           178131
        total:                           533111
    transactions:                        88087  (2001.73 per sec.)
    queries:                             533111 (12114.65 per sec.)
    ignored errors:                      1957   (44.47 per sec.)
    reconnects:                          0      (0.00 per sec.)

General statistics:
    total time:                          44.0049s
    total number of events:              88087

Latency (ms):
         min:                                    0.78
         avg:                                    3.99
         max:                                   49.71
         95th percentile:                        6.09
         sum:                               351907.05

Threads fairness:
    events (avg/stddev):           11010.8750/47.11
    execution time (avg/stddev):   43.9884/0.00

