sysbench 1.0.20 (using system LuaJIT 2.1.1761786044)

Running the test with following options:
Number of threads: 8
Initializing random number generator from current time


Initializing worker threads...

Threads started!

SQL statistics:
    queries performed:
        read:                            0
        write:                           341280
        other:                           171263
        total:                           512543
    transactions:                        84682  (1924.27 per sec.)
    queries:                             512543 (11646.75 per sec.)
    ignored errors:                      1899   (43.15 per sec.)
    reconnects:                          0      (0.00 per sec.)

General statistics:
    total time:                          44.0068s
    total number of events:              84682

Latency (ms):
         min:                                    0.78
         avg:                                    4.16
         max:                                   63.96
         95th percentile:                        6.43
         sum:                               351897.95

Threads fairness:
    events (avg/stddev):           10585.2500/52.79
    execution time (avg/stddev):   43.9872/0.00

