sysbench 1.0.20 (using system LuaJIT 2.1.1761786044)

Running the test with following options:
Number of threads: 8
Initializing random number generator from current time


Initializing worker threads...

Threads started!

SQL statistics:
    queries performed:
        read:                            0
        write:                           348786
        other:                           175017
        total:                           523803
    transactions:                        86579  (1967.42 per sec.)
    queries:                             523803 (11902.89 per sec.)
    ignored errors:                      1859   (42.24 per sec.)
    reconnects:                          0      (0.00 per sec.)

General statistics:
    total time:                          44.0057s
    total number of events:              86579

Latency (ms):
         min:                                    0.79
         avg:                                    4.06
         max:                                   66.52
         95th percentile:                        6.32
         sum:                               351901.44

Threads fairness:
    events (avg/stddev):           10822.3750/18.55
    execution time (avg/stddev):   43.9877/0.00

