2026-07-01T07:34:01.603282Z 0 [System] [MY-015015] [Server] MySQL Server - start.
2026-07-01T07:34:01.834290Z 0 [System] [MY-010116] [Server] /root/mysql-build/runtime_output_directory/mysqld (mysqld 8.4.10) starting as process 3043
2026-07-01T07:34:01.840724Z 1 [System] [MY-013576] [InnoDB] InnoDB initialization has started.
[accel] init: drainer started, accelerator constructed (gc=1 tail_only=0 retention_ms=0)
2026-07-01T07:34:02.096549Z 1 [System] [MY-013577] [InnoDB] InnoDB initialization has ended.
2026-07-01T07:34:02.330840Z 0 [Warning] [MY-010068] [Server] CA certificate ca.pem is self signed.
2026-07-01T07:34:02.331536Z 0 [System] [MY-013602] [Server] Channel mysql_main configured to support TLS. Encrypted connections are now supported for this channel.
2026-07-01T07:34:02.353112Z 0 [System] [MY-010931] [Server] /root/mysql-build/runtime_output_directory/mysqld: ready for connections. Version: '8.4.10'  socket: '/root/mysql.sock'  port: 3309  Source distribution.
2026-07-01T07:34:02.593821Z 8 [Warning] [MY-013360] [Server] Plugin mysql_native_password reported: ''mysql_native_password' is deprecated and will be removed in a future release. Please use caching_sha2_password instead'
2026-07-01T07:34:54.157584Z 22 [System] [MY-013172] [Server] Received SHUTDOWN from user root. Shutting down mysqld (Version: 8.4.10).
[accel] shutdown: enq=311531 drained=311531 dropped=0 pk_buckets=676/1024 live_epoch_buckets=528
[accel] consult: calls=2000 hit=1308 miss{absent=0 novisible=0 noncontig=692 ineligible=0 gcrace=0} | construct_ok=1 construct_BAD=0 | auth_mode=1 served=1307 gen_gate=1
[accel] audit: mode=1 audit_n=1024 mode1_hits=1308 audited=1 (mode-1: ok+bad==audited, bad==0)
[accel] noncontig split: head_writer_gate=4 (cache head behind live row) chase_break=688 (GC severed a mid-chain link)
[accel] view-registry: open_calls=445 published=445 unpublished=885 publish_on=1 live_snapshot=0 floor=none clock=159046
[accel] construct_BAD detail: trx_same=0 (right version, bytes differ) trx_diff=0 (WRONG version: older=0 [cache behind] newer=0 [visibility])
[accel] newer split: vanilla_sees=0 (cross-generation: ct visible, off vanilla's chain) vanilla_hides=0 (input mismatch: consult got different view limits)
[accel] gc: enabled=1 retired{total=1024 windowed=24 dummy=1000} live_buckets=528 clock=159046
[accel] fg-alpha: consult_fg=0 coop_dead_seen=0 | drain_cap=1000 dummy_pending=85103
2026-07-01T07:34:54.312025Z 0 [System] [MY-010910] [Server] /root/mysql-build/runtime_output_directory/mysqld: Shutdown complete (mysqld 8.4.10)  Source distribution.
2026-07-01T07:34:54.313074Z 0 [System] [MY-015016] [Server] MySQL Server - end.
