sysbench 1.0.20 (using system LuaJIT 2.1.1761786044)

Running the test with following options:
Number of threads: 8
Initializing random number generator from current time


Initializing worker threads...

Threads started!

SQL statistics:
    queries performed:
        read:                            0
        write:                           339766
        other:                           170496
        total:                           510262
    transactions:                        84318  (1916.04 per sec.)
    queries:                             510262 (11595.20 per sec.)
    ignored errors:                      1860   (42.27 per sec.)
    reconnects:                          0      (0.00 per sec.)

General statistics:
    total time:                          44.0058s
    total number of events:              84318

Latency (ms):
         min:                                    0.79
         avg:                                    4.17
         max:                                   71.68
         95th percentile:                        6.67
         sum:                               351898.81

Threads fairness:
    events (avg/stddev):           10539.7500/41.90
    execution time (avg/stddev):   43.9874/0.00

