sysbench 1.0.20 (using system LuaJIT 2.1.1761786044)

Running the test with following options:
Number of threads: 8
Initializing random number generator from current time


Initializing worker threads...

Threads started!

SQL statistics:
    queries performed:
        read:                            0
        write:                           310871
        other:                           156009
        total:                           466880
    transactions:                        77147  (1753.07 per sec.)
    queries:                             466880 (10609.30 per sec.)
    ignored errors:                      1715   (38.97 per sec.)
    reconnects:                          0      (0.00 per sec.)

General statistics:
    total time:                          44.0061s
    total number of events:              77147

Latency (ms):
         min:                                    0.79
         avg:                                    4.56
         max:                                  180.53
         95th percentile:                        6.79
         sum:                               351917.14

Threads fairness:
    events (avg/stddev):           9643.3750/28.94
    execution time (avg/stddev):   43.9896/0.00

