sysbench 1.0.20 (using system LuaJIT 2.1.1761786044)

Running the test with following options:
Number of threads: 8
Initializing random number generator from current time


Initializing worker threads...

Threads started!

SQL statistics:
    queries performed:
        read:                            0
        write:                           322375
        other:                           161766
        total:                           484141
    transactions:                        79978  (1817.43 per sec.)
    queries:                             484141 (11001.70 per sec.)
    ignored errors:                      1810   (41.13 per sec.)
    reconnects:                          0      (0.00 per sec.)

General statistics:
    total time:                          44.0054s
    total number of events:              79978

Latency (ms):
         min:                                    0.79
         avg:                                    4.40
         max:                                  213.36
         95th percentile:                        6.67
         sum:                               351920.83

Threads fairness:
    events (avg/stddev):           9997.2500/55.45
    execution time (avg/stddev):   43.9901/0.00

