sysbench 1.0.20 (using system LuaJIT 2.1.1761786044)

Running the test with following options:
Number of threads: 8
Initializing random number generator from current time


Initializing worker threads...

Threads started!

SQL statistics:
    queries performed:
        read:                            0
        write:                           328590
        other:                           164894
        total:                           493484
    transactions:                        81539  (1852.75 per sec.)
    queries:                             493484 (11213.07 per sec.)
    ignored errors:                      1816   (41.26 per sec.)
    reconnects:                          0      (0.00 per sec.)

General statistics:
    total time:                          44.0088s
    total number of events:              81539

Latency (ms):
         min:                                    0.80
         avg:                                    4.32
         max:                                  284.00
         95th percentile:                        6.43
         sum:                               351914.10

Threads fairness:
    events (avg/stddev):           10192.3750/37.16
    execution time (avg/stddev):   43.9893/0.00

