sysbench 1.0.20 (using system LuaJIT 2.1.1761786044)

Running the test with following options:
Number of threads: 8
Initializing random number generator from current time


Initializing worker threads...

Threads started!

SQL statistics:
    queries performed:
        read:                            0
        write:                           320035
        other:                           160586
        total:                           480621
    transactions:                        79434  (1804.53 per sec.)
    queries:                             480621 (10918.42 per sec.)
    ignored errors:                      1718   (39.03 per sec.)
    reconnects:                          0      (0.00 per sec.)

General statistics:
    total time:                          44.0186s
    total number of events:              79434

Latency (ms):
         min:                                    0.78
         avg:                                    4.43
         max:                                  237.99
         95th percentile:                        6.43
         sum:                               352022.11

Threads fairness:
    events (avg/stddev):           9929.2500/38.11
    execution time (avg/stddev):   44.0028/0.00

