sysbench 1.0.20 (using system LuaJIT 2.1.1761786044)

Running the test with following options:
Number of threads: 8
Initializing random number generator from current time


Initializing worker threads...

Threads started!

SQL statistics:
    queries performed:
        read:                            0
        write:                           324469
        other:                           162829
        total:                           487298
    transactions:                        80513  (1829.57 per sec.)
    queries:                             487298 (11073.34 per sec.)
    ignored errors:                      1803   (40.97 per sec.)
    reconnects:                          0      (0.00 per sec.)

General statistics:
    total time:                          44.0058s
    total number of events:              80513

Latency (ms):
         min:                                    0.76
         avg:                                    4.37
         max:                                  294.36
         95th percentile:                        6.32
         sum:                               351920.01

Threads fairness:
    events (avg/stddev):           10064.1250/35.87
    execution time (avg/stddev):   43.9900/0.00

