2026-07-01T08:17:12.239926Z 0 [System] [MY-015015] [Server] MySQL Server - start.
2026-07-01T08:17:12.464011Z 0 [System] [MY-010116] [Server] /root/mysql-build/runtime_output_directory/mysqld (mysqld 8.4.10) starting as process 1663
2026-07-01T08:17:12.472203Z 1 [System] [MY-013576] [InnoDB] InnoDB initialization has started.
[accel] init: drainer started, accelerator constructed (gc=1 tail_only=0 retention_ms=0)
2026-07-01T08:17:12.701089Z 1 [System] [MY-013577] [InnoDB] InnoDB initialization has ended.
2026-07-01T08:17:12.932804Z 0 [Warning] [MY-010068] [Server] CA certificate ca.pem is self signed.
2026-07-01T08:17:12.933473Z 0 [System] [MY-013602] [Server] Channel mysql_main configured to support TLS. Encrypted connections are now supported for this channel.
2026-07-01T08:17:12.954722Z 0 [System] [MY-010931] [Server] /root/mysql-build/runtime_output_directory/mysqld: ready for connections. Version: '8.4.10'  socket: '/root/mysql.sock'  port: 3309  Source distribution.
2026-07-01T08:17:13.232607Z 8 [Warning] [MY-013360] [Server] Plugin mysql_native_password reported: ''mysql_native_password' is deprecated and will be removed in a future release. Please use caching_sha2_password instead'
[accel] gc: cycles=45 retired{windowed=24 dummy=0} live_buckets=373 views=1 norm_clock=113585
2026-07-01T08:18:03.748952Z 21 [System] [MY-013172] [Server] Received SHUTDOWN from user root. Shutting down mysqld (Version: 8.4.10).
[accel] shutdown: enq=324806 drained=324806 dropped=0 pk_buckets=676/1024 live_epoch_buckets=500
[accel] consult: calls=1000 hit=880 miss{absent=0 novisible=0 noncontig=120 ineligible=0 gcrace=0} | construct_ok=0 construct_BAD=0 | auth_mode=1 served=880 gen_gate=1
[accel] audit: mode=1 audit_n=1024 mode1_hits=880 audited=0 (mode-1: ok+bad==audited, bad==0)
[accel] noncontig split: head_writer_gate=3 (cache head behind live row) chase_break=117 (GC severed a mid-chain link)
[accel] view-registry: open_calls=445 published=445 unpublished=885 publish_on=1 live_snapshot=0 floor=none clock=165784
[accel] construct_BAD detail: trx_same=0 (right version, bytes differ) trx_diff=0 (WRONG version: older=0 [cache behind] newer=0 [visibility])
[accel] newer split: vanilla_sees=0 (cross-generation: ct visible, off vanilla's chain) vanilla_hides=0 (input mismatch: consult got different view limits)
[accel] gc: enabled=1 retired{total=225 windowed=25 dummy=200} live_buckets=500 clock=165784
[accel] fg-alpha: consult_fg=0 coop_dead_seen=0 | drain_cap=200 dummy_pending=91210
2026-07-01T08:18:03.968994Z 0 [System] [MY-010910] [Server] /root/mysql-build/runtime_output_directory/mysqld: Shutdown complete (mysqld 8.4.10)  Source distribution.
2026-07-01T08:18:03.969921Z 0 [System] [MY-015016] [Server] MySQL Server - end.
