sysbench 1.0.20 (using system LuaJIT 2.1.1761786044)

Running the test with following options:
Number of threads: 8
Initializing random number generator from current time


Initializing worker threads...

Threads started!

SQL statistics:
    queries performed:
        read:                            0
        write:                           324146
        other:                           162682
        total:                           486828
    transactions:                        80451  (1828.13 per sec.)
    queries:                             486828 (11062.44 per sec.)
    ignored errors:                      1780   (40.45 per sec.)
    reconnects:                          0      (0.00 per sec.)

General statistics:
    total time:                          44.0067s
    total number of events:              80451

Latency (ms):
         min:                                    0.79
         avg:                                    4.37
         max:                                  221.18
         95th percentile:                        6.32
         sum:                               351917.67

Threads fairness:
    events (avg/stddev):           10056.3750/46.81
    execution time (avg/stddev):   43.9897/0.00

