sysbench 1.0.20 (using system LuaJIT 2.1.1761786044)

Running the test with following options:
Number of threads: 8
Initializing random number generator from current time


Initializing worker threads...

Threads started!

SQL statistics:
    queries performed:
        read:                            0
        write:                           296845
        other:                           148974
        total:                           445819
    transactions:                        73653  (1673.68 per sec.)
    queries:                             445819 (10130.74 per sec.)
    ignored errors:                      1668   (37.90 per sec.)
    reconnects:                          0      (0.00 per sec.)

General statistics:
    total time:                          44.0059s
    total number of events:              73653

Latency (ms):
         min:                                    0.84
         avg:                                    4.78
         max:                                  178.08
         95th percentile:                        6.91
         sum:                               351927.46

Threads fairness:
    events (avg/stddev):           9206.6250/28.56
    execution time (avg/stddev):   43.9909/0.00

