2026-07-01T08:16:10.216750Z 0 [System] [MY-015015] [Server] MySQL Server - start.
2026-07-01T08:16:10.456912Z 0 [System] [MY-010116] [Server] /root/mysql-build/runtime_output_directory/mysqld (mysqld 8.4.10) starting as process 1497
2026-07-01T08:16:10.465499Z 1 [System] [MY-013576] [InnoDB] InnoDB initialization has started.
[accel] init: drainer started, accelerator constructed (gc=1 tail_only=0 retention_ms=0)
2026-07-01T08:16:10.753524Z 1 [System] [MY-013577] [InnoDB] InnoDB initialization has ended.
2026-07-01T08:16:10.992336Z 0 [Warning] [MY-010068] [Server] CA certificate ca.pem is self signed.
2026-07-01T08:16:10.992883Z 0 [System] [MY-013602] [Server] Channel mysql_main configured to support TLS. Encrypted connections are now supported for this channel.
2026-07-01T08:16:11.016864Z 0 [System] [MY-010931] [Server] /root/mysql-build/runtime_output_directory/mysqld: ready for connections. Version: '8.4.10'  socket: '/root/mysql.sock'  port: 3309  Source distribution.
2026-07-01T08:16:11.209749Z 8 [Warning] [MY-013360] [Server] Plugin mysql_native_password reported: ''mysql_native_password' is deprecated and will be removed in a future release. Please use caching_sha2_password instead'
[accel] gc: cycles=45 retired{windowed=24 dummy=0} live_buckets=372 views=1 norm_clock=113247
2026-07-01T08:17:03.561241Z 21 [System] [MY-013172] [Server] Received SHUTDOWN from user root. Shutting down mysqld (Version: 8.4.10).
[accel] shutdown: enq=325129 drained=325129 dropped=0 pk_buckets=676/1024 live_epoch_buckets=476
[accel] consult: calls=1000 hit=361 miss{absent=0 novisible=0 noncontig=639 ineligible=0 gcrace=0} | construct_ok=0 construct_BAD=0 | auth_mode=1 served=361 gen_gate=1
[accel] audit: mode=1 audit_n=1024 mode1_hits=361 audited=0 (mode-1: ok+bad==audited, bad==0)
[accel] noncontig split: head_writer_gate=1 (cache head behind live row) chase_break=638 (GC severed a mid-chain link)
[accel] view-registry: open_calls=445 published=445 unpublished=885 publish_on=1 live_snapshot=0 floor=none clock=165954
[accel] construct_BAD detail: trx_same=0 (right version, bytes differ) trx_diff=0 (WRONG version: older=0 [cache behind] newer=0 [visibility])
[accel] newer split: vanilla_sees=0 (cross-generation: ct visible, off vanilla's chain) vanilla_hides=0 (input mismatch: consult got different view limits)
[accel] gc: enabled=1 retired{total=1879 windowed=1679 dummy=200} live_buckets=476 clock=165954
[accel] fg-alpha: consult_fg=0 coop_dead_seen=0 | drain_cap=200 dummy_pending=90853
2026-07-01T08:17:04.050491Z 0 [System] [MY-010910] [Server] /root/mysql-build/runtime_output_directory/mysqld: Shutdown complete (mysqld 8.4.10)  Source distribution.
2026-07-01T08:17:04.051654Z 0 [System] [MY-015016] [Server] MySQL Server - end.
