sysbench 1.0.20 (using system LuaJIT 2.1.1761786044)

Running the test with following options:
Number of threads: 8
Initializing random number generator from current time


Initializing worker threads...

Threads started!

SQL statistics:
    queries performed:
        read:                            0
        write:                           322809
        other:                           161966
        total:                           484775
    transactions:                        80148  (1821.30 per sec.)
    queries:                             484775 (11016.12 per sec.)
    ignored errors:                      1670   (37.95 per sec.)
    reconnects:                          0      (0.00 per sec.)

General statistics:
    total time:                          44.0052s
    total number of events:              80148

Latency (ms):
         min:                                    0.78
         avg:                                    4.39
         max:                                  204.52
         95th percentile:                        6.43
         sum:                               351914.31

Threads fairness:
    events (avg/stddev):           10018.5000/33.51
    execution time (avg/stddev):   43.9893/0.00

