sysbench 1.0.20 (using system LuaJIT 2.1.1761786044)

Running the test with following options:
Number of threads: 8
Initializing random number generator from current time


Initializing worker threads...

Threads started!

SQL statistics:
    queries performed:
        read:                            0
        write:                           348573
        other:                           174929
        total:                           523502
    transactions:                        86478  (1965.05 per sec.)
    queries:                             523502 (11895.57 per sec.)
    ignored errors:                      1973   (44.83 per sec.)
    reconnects:                          0      (0.00 per sec.)

General statistics:
    total time:                          44.0075s
    total number of events:              86478

Latency (ms):
         min:                                    0.79
         avg:                                    4.07
         max:                                   57.64
         95th percentile:                        6.32
         sum:                               351925.54

Threads fairness:
    events (avg/stddev):           10809.7500/36.77
    execution time (avg/stddev):   43.9907/0.00

