sysbench 1.0.20 (using system LuaJIT 2.1.1761786044)

Running the test with following options:
Number of threads: 8
Initializing random number generator from current time


Initializing worker threads...

Threads started!

SQL statistics:
    queries performed:
        read:                            0
        write:                           340872
        other:                           171073
        total:                           511945
    transactions:                        84573  (1921.83 per sec.)
    queries:                             511945 (11633.43 per sec.)
    ignored errors:                      1927   (43.79 per sec.)
    reconnects:                          0      (0.00 per sec.)

General statistics:
    total time:                          44.0058s
    total number of events:              84573

Latency (ms):
         min:                                    0.77
         avg:                                    4.16
         max:                                  110.92
         95th percentile:                        6.43
         sum:                               351896.62

Threads fairness:
    events (avg/stddev):           10571.6250/39.85
    execution time (avg/stddev):   43.9871/0.00

