sysbench 1.0.20 (using system LuaJIT 2.1.1761786044)

Running the test with following options:
Number of threads: 8
Initializing random number generator from current time


Initializing worker threads...

Threads started!

SQL statistics:
    queries performed:
        read:                            0
        write:                           346844
        other:                           174054
        total:                           520898
    transactions:                        86091  (1956.31 per sec.)
    queries:                             520898 (11836.77 per sec.)
    ignored errors:                      1872   (42.54 per sec.)
    reconnects:                          0      (0.00 per sec.)

General statistics:
    total time:                          44.0061s
    total number of events:              86091

Latency (ms):
         min:                                    0.80
         avg:                                    4.09
         max:                                   64.00
         95th percentile:                        6.21
         sum:                               351902.54

Threads fairness:
    events (avg/stddev):           10761.3750/45.46
    execution time (avg/stddev):   43.9878/0.00

