sysbench 1.0.20 (using system LuaJIT 2.1.1761786044)

Running the test with following options:
Number of threads: 8
Initializing random number generator from current time


Initializing worker threads...

Threads started!

SQL statistics:
    queries performed:
        read:                            0
        write:                           340282
        other:                           170767
        total:                           511049
    transactions:                        84439  (1918.78 per sec.)
    queries:                             511049 (11613.00 per sec.)
    ignored errors:                      1889   (42.93 per sec.)
    reconnects:                          0      (0.00 per sec.)

General statistics:
    total time:                          44.0060s
    total number of events:              84439

Latency (ms):
         min:                                    0.79
         avg:                                    4.17
         max:                                   59.55
         95th percentile:                        6.43
         sum:                               351904.07

Threads fairness:
    events (avg/stddev):           10554.8750/32.97
    execution time (avg/stddev):   43.9880/0.00

