2026-07-01T09:57:45.233002Z 0 [System] [MY-015015] [Server] MySQL Server - start.
2026-07-01T09:57:45.473817Z 0 [System] [MY-010116] [Server] /root/mysql-build/runtime_output_directory/mysqld (mysqld 8.4.10) starting as process 999
2026-07-01T09:57:45.482594Z 1 [System] [MY-013576] [InnoDB] InnoDB initialization has started.
[accel] init: drainer started, accelerator constructed (gc=1 tail_only=0 retention_ms=0)
2026-07-01T09:57:45.759307Z 1 [System] [MY-013577] [InnoDB] InnoDB initialization has ended.
2026-07-01T09:57:45.996018Z 0 [Warning] [MY-010068] [Server] CA certificate ca.pem is self signed.
2026-07-01T09:57:45.996779Z 0 [System] [MY-013602] [Server] Channel mysql_main configured to support TLS. Encrypted connections are now supported for this channel.
2026-07-01T09:57:46.024874Z 0 [System] [MY-010931] [Server] /root/mysql-build/runtime_output_directory/mysqld: ready for connections. Version: '8.4.10'  socket: '/root/mysql.sock'  port: 3309  Source distribution.
2026-07-01T09:57:46.227376Z 8 [Warning] [MY-013360] [Server] Plugin mysql_native_password reported: ''mysql_native_password' is deprecated and will be removed in a future release. Please use caching_sha2_password instead'
[accel] gc: cycles=45 retired{windowed=24 dummy=0} live_buckets=372 views=1 norm_clock=113394
[accel] gc: cycles=70 retired{windowed=24 dummy=0} live_buckets=501 views=1 norm_clock=176697
2026-07-01T09:58:34.433867Z 21 [System] [MY-013172] [Server] Received SHUTDOWN from user root. Shutting down mysqld (Version: 8.4.10).
[accel] shutdown: enq=347488 drained=347488 dropped=0 pk_buckets=676/1024 live_epoch_buckets=501
[accel] consult: calls=1000 hit=999 miss{absent=0 novisible=0 noncontig=1 ineligible=0 gcrace=0} | construct_ok=0 construct_BAD=0 | auth_mode=1 served=999 gen_gate=1
[accel] audit: mode=1 audit_n=1024 mode1_hits=999 audited=0 (mode-1: ok+bad==audited, bad==0)
[accel] noncontig split: head_writer_gate=1 (cache head behind live row) chase_break=0 (GC severed a mid-chain link)
[accel] view-registry: open_calls=441 published=441 unpublished=877 publish_on=1 live_snapshot=0 floor=none clock=177246
[accel] construct_BAD detail: trx_same=0 (right version, bytes differ) trx_diff=0 (WRONG version: older=0 [cache behind] newer=0 [visibility])
[accel] newer split: vanilla_sees=0 (cross-generation: ct visible, off vanilla's chain) vanilla_hides=0 (input mismatch: consult got different view limits)
[accel] gc: enabled=1 retired{total=24 windowed=24 dummy=0} live_buckets=501 clock=177246
[accel] fg-alpha: consult_fg=0 coop_dead_seen=0 | drain_cap=500 dummy_pending=98123
2026-07-01T09:58:35.181846Z 0 [System] [MY-010910] [Server] /root/mysql-build/runtime_output_directory/mysqld: Shutdown complete (mysqld 8.4.10)  Source distribution.
2026-07-01T09:58:35.183091Z 0 [System] [MY-015016] [Server] MySQL Server - end.
